2017/05/23 00:52:24 [error] [exception.CHttpException.404] exception 'CHttpException' with message 'The system is unable to find the requested action "continentes".' in C:\xampp\htdocs\gitPractice1\PrograWebLastStand\Practicas\15_Practica\yii\framework\web\CController.php:486
Stack trace:
#0 C:\xampp\htdocs\gitPractice1\PrograWebLastStand\Practicas\15_Practica\yii\framework\web\CController.php(270): CController->missingAction('continentes')
#1 C:\xampp\htdocs\gitPractice1\PrograWebLastStand\Practicas\15_Practica\yii\framework\web\CWebApplication.php(282): CController->run('continentes')
#2 C:\xampp\htdocs\gitPractice1\PrograWebLastStand\Practicas\15_Practica\yii\framework\web\CWebApplication.php(141): CWebApplication->runController('site/continente...')
#3 C:\xampp\htdocs\gitPractice1\PrograWebLastStand\Practicas\15_Practica\yii\framework\base\CApplication.php(185): CWebApplication->processRequest()
#4 C:\xampp\htdocs\gitPractice1\PrograWebLastStand\Practicas\15_Practica\proyecto_pw\index.php(13): CApplication->run()
#5 {main}
REQUEST_URI=/gitPractice1/PrograWebLastStand/Practicas/15_Practica/proyecto_pw/index.php?r=site/continentes
HTTP_REFERER=http://localhost/gitPractice1/PrograWebLastStand/Practicas/15_Practica/proyecto_pw/index.php?r=site/index
---
2017/05/27 00:48:44 [error] [php] Undefined variable: model (C:\xampp\htdocs\gitPractice1\PrograWebLastStand\Practicas\15_Practica\proyecto_pw\protected\controllers\EscuelasController.php:78)
Stack trace:
#0 C:\xampp\htdocs\gitPractice1\PrograWebLastStand\Practicas\15_Practica\yii\framework\web\filters\CFilterChain.php(134): EscuelasController->runAction()
#1 C:\xampp\htdocs\gitPractice1\PrograWebLastStand\Practicas\15_Practica\yii\framework\web\filters\CFilter.php(40): CFilterChain->run()
#2 C:\xampp\htdocs\gitPractice1\PrograWebLastStand\Practicas\15_Practica\yii\framework\web\CController.php(1148): CAccessControlFilter->filter()
#3 C:\xampp\htdocs\gitPractice1\PrograWebLastStand\Practicas\15_Practica\yii\framework\web\filters\CInlineFilter.php(58): EscuelasController->filterAccessControl()
#4 C:\xampp\htdocs\gitPractice1\PrograWebLastStand\Practicas\15_Practica\yii\framework\web\filters\CFilterChain.php(131): CInlineFilter->filter()
#5 C:\xampp\htdocs\gitPractice1\PrograWebLastStand\Practicas\15_Practica\yii\framework\web\CController.php(291): CFilterChain->run()
#6 C:\xampp\htdocs\gitPractice1\PrograWebLastStand\Practicas\15_Practica\yii\framework\web\CController.php(265): EscuelasController->runActionWithFilters()
#7 C:\xampp\htdocs\gitPractice1\PrograWebLastStand\Practicas\15_Practica\yii\framework\web\CWebApplication.php(282): EscuelasController->run()
#8 C:\xampp\htdocs\gitPractice1\PrograWebLastStand\Practicas\15_Practica\yii\framework\web\CWebApplication.php(141): CWebApplication->runController()
#9 C:\xampp\htdocs\gitPractice1\PrograWebLastStand\Practicas\15_Practica\yii\framework\base\CApplication.php(185): CWebApplication->processRequest()
#10 C:\xampp\htdocs\gitPractice1\PrograWebLastStand\Practicas\15_Practica\proyecto_pw\index.php(13): CWebApplication->run()
REQUEST_URI=/gitPractice1/PrograWebLastStand/Practicas/15_Practica/proyecto_pw/index.php?r=escuelas/create
in C:\xampp\htdocs\gitPractice1\PrograWebLastStand\Practicas\15_Practica\proyecto_pw\protected\controllers\EscuelasController.php (78)
in C:\xampp\htdocs\gitPractice1\PrograWebLastStand\Practicas\15_Practica\proyecto_pw\index.php (13)
2017/05/27 00:50:31 [error] [php] Undefined variable: model (C:\xampp\htdocs\gitPractice1\PrograWebLastStand\Practicas\15_Practica\proyecto_pw\protected\controllers\EscuelasController.php:78)
Stack trace:
#0 C:\xampp\htdocs\gitPractice1\PrograWebLastStand\Practicas\15_Practica\yii\framework\web\filters\CFilterChain.php(134): EscuelasController->runAction()
#1 C:\xampp\htdocs\gitPractice1\PrograWebLastStand\Practicas\15_Practica\yii\framework\web\filters\CFilter.php(40): CFilterChain->run()
#2 C:\xampp\htdocs\gitPractice1\PrograWebLastStand\Practicas\15_Practica\yii\framework\web\CController.php(1148): CAccessControlFilter->filter()
#3 C:\xampp\htdocs\gitPractice1\PrograWebLastStand\Practicas\15_Practica\yii\framework\web\filters\CInlineFilter.php(58): EscuelasController->filterAccessControl()
#4 C:\xampp\htdocs\gitPractice1\PrograWebLastStand\Practicas\15_Practica\yii\framework\web\filters\CFilterChain.php(131): CInlineFilter->filter()
#5 C:\xampp\htdocs\gitPractice1\PrograWebLastStand\Practicas\15_Practica\yii\framework\web\CController.php(291): CFilterChain->run()
#6 C:\xampp\htdocs\gitPractice1\PrograWebLastStand\Practicas\15_Practica\yii\framework\web\CController.php(265): EscuelasController->runActionWithFilters()
#7 C:\xampp\htdocs\gitPractice1\PrograWebLastStand\Practicas\15_Practica\yii\framework\web\CWebApplication.php(282): EscuelasController->run()
#8 C:\xampp\htdocs\gitPractice1\PrograWebLastStand\Practicas\15_Practica\yii\framework\web\CWebApplication.php(141): CWebApplication->runController()
#9 C:\xampp\htdocs\gitPractice1\PrograWebLastStand\Practicas\15_Practica\yii\framework\base\CApplication.php(185): CWebApplication->processRequest()
#10 C:\xampp\htdocs\gitPractice1\PrograWebLastStand\Practicas\15_Practica\proyecto_pw\index.php(13): CWebApplication->run()
REQUEST_URI=/gitPractice1/PrograWebLastStand/Practicas/15_Practica/proyecto_pw/index.php?r=escuelas/create
in C:\xampp\htdocs\gitPractice1\PrograWebLastStand\Practicas\15_Practica\proyecto_pw\protected\controllers\EscuelasController.php (78)
in C:\xampp\htdocs\gitPractice1\PrograWebLastStand\Practicas\15_Practica\proyecto_pw\index.php (13)
2017/05/27 00:50:37 [error] [php] Undefined variable: model (C:\xampp\htdocs\gitPractice1\PrograWebLastStand\Practicas\15_Practica\proyecto_pw\protected\views\escuelas\create.php:18)
Stack trace:
#0 C:\xampp\htdocs\gitPractice1\PrograWebLastStand\Practicas\15_Practica\yii\framework\web\CController.php(872): EscuelasController->renderFile()
#1 C:\xampp\htdocs\gitPractice1\PrograWebLastStand\Practicas\15_Practica\yii\framework\web\CController.php(785): EscuelasController->renderPartial()
#2 C:\xampp\htdocs\gitPractice1\PrograWebLastStand\Practicas\15_Practica\proyecto_pw\protected\controllers\EscuelasController.php(79): EscuelasController->render()
#3 C:\xampp\htdocs\gitPractice1\PrograWebLastStand\Practicas\15_Practica\yii\framework\web\actions\CInlineAction.php(49): EscuelasController->actionCreate()
#4 C:\xampp\htdocs\gitPractice1\PrograWebLastStand\Practicas\15_Practica\yii\framework\web\CController.php(308): CInlineAction->runWithParams()
#5 C:\xampp\htdocs\gitPractice1\PrograWebLastStand\Practicas\15_Practica\yii\framework\web\filters\CFilterChain.php(134): EscuelasController->runAction()
#6 C:\xampp\htdocs\gitPractice1\PrograWebLastStand\Practicas\15_Practica\yii\framework\web\filters\CFilter.php(40): CFilterChain->run()
#7 C:\xampp\htdocs\gitPractice1\PrograWebLastStand\Practicas\15_Practica\yii\framework\web\CController.php(1148): CAccessControlFilter->filter()
#8 C:\xampp\htdocs\gitPractice1\PrograWebLastStand\Practicas\15_Practica\yii\framework\web\filters\CInlineFilter.php(58): EscuelasController->filterAccessControl()
#9 C:\xampp\htdocs\gitPractice1\PrograWebLastStand\Practicas\15_Practica\yii\framework\web\filters\CFilterChain.php(131): CInlineFilter->filter()
#10 C:\xampp\htdocs\gitPractice1\PrograWebLastStand\Practicas\15_Practica\yii\framework\web\CController.php(291): CFilterChain->run()
#11 C:\xampp\htdocs\gitPractice1\PrograWebLastStand\Practicas\15_Practica\yii\framework\web\CController.php(265): EscuelasController->runActionWithFilters()
#12 C:\xampp\htdocs\gitPractice1\PrograWebLastStand\Practicas\15_Practica\yii\framework\web\CWebApplication.php(282): EscuelasController->run()
#13 C:\xampp\htdocs\gitPractice1\PrograWebLastStand\Practicas\15_Practica\yii\framework\web\CWebApplication.php(141): CWebApplication->runController()
#14 C:\xampp\htdocs\gitPractice1\PrograWebLastStand\Practicas\15_Practica\yii\framework\base\CApplication.php(185): CWebApplication->processRequest()
#15 C:\xampp\htdocs\gitPractice1\PrograWebLastStand\Practicas\15_Practica\proyecto_pw\index.php(13): CWebApplication->run()
REQUEST_URI=/gitPractice1/PrograWebLastStand/Practicas/15_Practica/proyecto_pw/index.php?r=escuelas/create
in C:\xampp\htdocs\gitPractice1\PrograWebLastStand\Practicas\15_Practica\proyecto_pw\protected\views\escuelas\create.php (18)
in C:\xampp\htdocs\gitPractice1\PrograWebLastStand\Practicas\15_Practica\proyecto_pw\protected\controllers\EscuelasController.php (79)
in C:\xampp\htdocs\gitPractice1\PrograWebLastStand\Practicas\15_Practica\proyecto_pw\index.php (13)
2017/05/27 01:05:31 [error] [system.db.CDbCommand] CDbCommand::execute() failed: SQLSTATE[23000]: Integrity constraint violation: 1452 Cannot add or update a child row: a foreign key constraint fails (`progra_web_db`.`escuelas`, CONSTRAINT `fk_base911p_instituciones` FOREIGN KEY (`id_institucion`) REFERENCES `instituciones` (`id_institucion`) ON DELETE NO ACTION ON UPDATE NO ACTION). The SQL statement executed was: INSERT INTO `escuelas` (`id_escuela`, `escuela`, `id_institucion`, `id_municipio`) VALUES (:yp0, :yp1, :yp2, :yp3).
in C:\xampp\htdocs\gitPractice1\PrograWebLastStand\Practicas\15_Practica\proyecto_pw\protected\controllers\EscuelasController.php (78)
in C:\xampp\htdocs\gitPractice1\PrograWebLastStand\Practicas\15_Practica\proyecto_pw\index.php (13)
2017/05/27 01:05:31 [error] [exception.CDbException] exception 'CDbException' with message 'CDbCommand failed to execute the SQL statement: SQLSTATE[23000]: Integrity constraint violation: 1452 Cannot add or update a child row: a foreign key constraint fails (`progra_web_db`.`escuelas`, CONSTRAINT `fk_base911p_instituciones` FOREIGN KEY (`id_institucion`) REFERENCES `instituciones` (`id_institucion`) ON DELETE NO ACTION ON UPDATE NO ACTION). The SQL statement executed was: INSERT INTO `escuelas` (`id_escuela`, `escuela`, `id_institucion`, `id_municipio`) VALUES (:yp0, :yp1, :yp2, :yp3)' in C:\xampp\htdocs\gitPractice1\PrograWebLastStand\Practicas\15_Practica\yii\framework\db\CDbCommand.php:358
Stack trace:
#0 C:\xampp\htdocs\gitPractice1\PrograWebLastStand\Practicas\15_Practica\yii\framework\db\ar\CActiveRecord.php(1083): CDbCommand->execute()
#1 C:\xampp\htdocs\gitPractice1\PrograWebLastStand\Practicas\15_Practica\yii\framework\db\ar\CActiveRecord.php(811): CActiveRecord->insert(NULL)
#2 C:\xampp\htdocs\gitPractice1\PrograWebLastStand\Practicas\15_Practica\proyecto_pw\protected\controllers\EscuelasController.php(78): CActiveRecord->save()
#3 C:\xampp\htdocs\gitPractice1\PrograWebLastStand\Practicas\15_Practica\yii\framework\web\actions\CInlineAction.php(49): EscuelasController->actionCreate()
#4 C:\xampp\htdocs\gitPractice1\PrograWebLastStand\Practicas\15_Practica\yii\framework\web\CController.php(308): CInlineAction->runWithParams(Array)
#5 C:\xampp\htdocs\gitPractice1\PrograWebLastStand\Practicas\15_Practica\yii\framework\web\filters\CFilterChain.php(134): CController->runAction(Object(CInlineAction))
#6 C:\xampp\htdocs\gitPractice1\PrograWebLastStand\Practicas\15_Practica\yii\framework\web\filters\CFilter.php(40): CFilterChain->run()
#7 C:\xampp\htdocs\gitPractice1\PrograWebLastStand\Practicas\15_Practica\yii\framework\web\CController.php(1148): CFilter->filter(Object(CFilterChain))
#8 C:\xampp\htdocs\gitPractice1\PrograWebLastStand\Practicas\15_Practica\yii\framework\web\filters\CInlineFilter.php(58): CController->filterAccessControl(Object(CFilterChain))
#9 C:\xampp\htdocs\gitPractice1\PrograWebLastStand\Practicas\15_Practica\yii\framework\web\filters\CFilterChain.php(131): CInlineFilter->filter(Object(CFilterChain))
#10 C:\xampp\htdocs\gitPractice1\PrograWebLastStand\Practicas\15_Practica\yii\framework\web\CController.php(291): CFilterChain->run()
#11 C:\xampp\htdocs\gitPractice1\PrograWebLastStand\Practicas\15_Practica\yii\framework\web\CController.php(265): CController->runActionWithFilters(Object(CInlineAction), Array)
#12 C:\xampp\htdocs\gitPractice1\PrograWebLastStand\Practicas\15_Practica\yii\framework\web\CWebApplication.php(282): CController->run('create')
#13 C:\xampp\htdocs\gitPractice1\PrograWebLastStand\Practicas\15_Practica\yii\framework\web\CWebApplication.php(141): CWebApplication->runController('escuelas/create')
#14 C:\xampp\htdocs\gitPractice1\PrograWebLastStand\Practicas\15_Practica\yii\framework\base\CApplication.php(185): CWebApplication->processRequest()
#15 C:\xampp\htdocs\gitPractice1\PrograWebLastStand\Practicas\15_Practica\proyecto_pw\index.php(13): CApplication->run()
#16 {main}
REQUEST_URI=/gitPractice1/PrograWebLastStand/Practicas/15_Practica/proyecto_pw/index.php?r=escuelas/create
HTTP_REFERER=http://localhost/gitPractice1/PrograWebLastStand/Practicas/15_Practica/proyecto_pw/index.php?r=escuelas/create
---
2017/05/27 01:26:03 [error] [php] Undefined variable: listaMunicipios (C:\xampp\htdocs\gitPractice1\PrograWebLastStand\Practicas\15_Practica\proyecto_pw\protected\controllers\EscuelasController.php:85)
Stack trace:
#0 C:\xampp\htdocs\gitPractice1\PrograWebLastStand\Practicas\15_Practica\yii\framework\web\filters\CFilterChain.php(134): EscuelasController->runAction()
#1 C:\xampp\htdocs\gitPractice1\PrograWebLastStand\Practicas\15_Practica\yii\framework\web\filters\CFilter.php(40): CFilterChain->run()
#2 C:\xampp\htdocs\gitPractice1\PrograWebLastStand\Practicas\15_Practica\yii\framework\web\CController.php(1148): CAccessControlFilter->filter()
#3 C:\xampp\htdocs\gitPractice1\PrograWebLastStand\Practicas\15_Practica\yii\framework\web\filters\CInlineFilter.php(58): EscuelasController->filterAccessControl()
#4 C:\xampp\htdocs\gitPractice1\PrograWebLastStand\Practicas\15_Practica\yii\framework\web\filters\CFilterChain.php(131): CInlineFilter->filter()
#5 C:\xampp\htdocs\gitPractice1\PrograWebLastStand\Practicas\15_Practica\yii\framework\web\CController.php(291): CFilterChain->run()
#6 C:\xampp\htdocs\gitPractice1\PrograWebLastStand\Practicas\15_Practica\yii\framework\web\CController.php(265): EscuelasController->runActionWithFilters()
#7 C:\xampp\htdocs\gitPractice1\PrograWebLastStand\Practicas\15_Practica\yii\framework\web\CWebApplication.php(282): EscuelasController->run()
#8 C:\xampp\htdocs\gitPractice1\PrograWebLastStand\Practicas\15_Practica\yii\framework\web\CWebApplication.php(141): CWebApplication->runController()
#9 C:\xampp\htdocs\gitPractice1\PrograWebLastStand\Practicas\15_Practica\yii\framework\base\CApplication.php(185): CWebApplication->processRequest()
#10 C:\xampp\htdocs\gitPractice1\PrograWebLastStand\Practicas\15_Practica\proyecto_pw\index.php(13): CWebApplication->run()
REQUEST_URI=/gitPractice1/PrograWebLastStand/Practicas/15_Practica/proyecto_pw/index.php?r=escuelas/create
in C:\xampp\htdocs\gitPractice1\PrograWebLastStand\Practicas\15_Practica\proyecto_pw\protected\controllers\EscuelasController.php (85)
in C:\xampp\htdocs\gitPractice1\PrograWebLastStand\Practicas\15_Practica\proyecto_pw\index.php (13)
2017/05/27 01:27:06 [error] [exception.CException] exception 'CException' with message 'CActiveForm and its behaviors do not have a method or closure named "select".' in C:\xampp\htdocs\gitPractice1\PrograWebLastStand\Practicas\15_Practica\yii\framework\base\CComponent.php:266
Stack trace:
#0 C:\xampp\htdocs\gitPractice1\PrograWebLastStand\Practicas\15_Practica\proyecto_pw\protected\views\escuelas\_form.php(42): CComponent->__call('select', Array)
#1 C:\xampp\htdocs\gitPractice1\PrograWebLastStand\Practicas\15_Practica\proyecto_pw\protected\views\escuelas\_form.php(42): CActiveForm->select(Object(Escuelas), 'id_municipio')
#2 C:\xampp\htdocs\gitPractice1\PrograWebLastStand\Practicas\15_Practica\yii\framework\web\CBaseController.php(126): require('C:\\xampp\\htdocs...')
#3 C:\xampp\htdocs\gitPractice1\PrograWebLastStand\Practicas\15_Practica\yii\framework\web\CBaseController.php(95): CBaseController->renderInternal('C:\\xampp\\htdocs...', Array, true)
#4 C:\xampp\htdocs\gitPractice1\PrograWebLastStand\Practicas\15_Practica\yii\framework\web\CController.php(872): CBaseController->renderFile('C:\\xampp\\htdocs...', Array, true)
#5 C:\xampp\htdocs\gitPractice1\PrograWebLastStand\Practicas\15_Practica\proyecto_pw\protected\views\escuelas\create.php(18): CController->renderPartial('_form', Array)
#6 C:\xampp\htdocs\gitPractice1\PrograWebLastStand\Practicas\15_Practica\yii\framework\web\CBaseController.php(126): require('C:\\xampp\\htdocs...')
#7 C:\xampp\htdocs\gitPractice1\PrograWebLastStand\Practicas\15_Practica\yii\framework\web\CBaseController.php(95): CBaseController->renderInternal('C:\\xampp\\htdocs...', Array, true)
#8 C:\xampp\htdocs\gitPractice1\PrograWebLastStand\Practicas\15_Practica\yii\framework\web\CController.php(872): CBaseController->renderFile('C:\\xampp\\htdocs...', Array, true)
#9 C:\xampp\htdocs\gitPractice1\PrograWebLastStand\Practicas\15_Practica\yii\framework\web\CController.php(785): CController->renderPartial('create', Array, true)
#10 C:\xampp\htdocs\gitPractice1\PrograWebLastStand\Practicas\15_Practica\proyecto_pw\protected\controllers\EscuelasController.php(86): CController->render('create', Array)
#11 C:\xampp\htdocs\gitPractice1\PrograWebLastStand\Practicas\15_Practica\yii\framework\web\actions\CInlineAction.php(49): EscuelasController->actionCreate()
#12 C:\xampp\htdocs\gitPractice1\PrograWebLastStand\Practicas\15_Practica\yii\framework\web\CController.php(308): CInlineAction->runWithParams(Array)
#13 C:\xampp\htdocs\gitPractice1\PrograWebLastStand\Practicas\15_Practica\yii\framework\web\filters\CFilterChain.php(134): CController->runAction(Object(CInlineAction))
#14 C:\xampp\htdocs\gitPractice1\PrograWebLastStand\Practicas\15_Practica\yii\framework\web\filters\CFilter.php(40): CFilterChain->run()
#15 C:\xampp\htdocs\gitPractice1\PrograWebLastStand\Practicas\15_Practica\yii\framework\web\CController.php(1148): CFilter->filter(Object(CFilterChain))
#16 C:\xampp\htdocs\gitPractice1\PrograWebLastStand\Practicas\15_Practica\yii\framework\web\filters\CInlineFilter.php(58): CController->filterAccessControl(Object(CFilterChain))
#17 C:\xampp\htdocs\gitPractice1\PrograWebLastStand\Practicas\15_Practica\yii\framework\web\filters\CFilterChain.php(131): CInlineFilter->filter(Object(CFilterChain))
#18 C:\xampp\htdocs\gitPractice1\PrograWebLastStand\Practicas\15_Practica\yii\framework\web\CController.php(291): CFilterChain->run()
#19 C:\xampp\htdocs\gitPractice1\PrograWebLastStand\Practicas\15_Practica\yii\framework\web\CController.php(265): CController->runActionWithFilters(Object(CInlineAction), Array)
#20 C:\xampp\htdocs\gitPractice1\PrograWebLastStand\Practicas\15_Practica\yii\framework\web\CWebApplication.php(282): CController->run('create')
#21 C:\xampp\htdocs\gitPractice1\PrograWebLastStand\Practicas\15_Practica\yii\framework\web\CWebApplication.php(141): CWebApplication->runController('escuelas/create')
#22 C:\xampp\htdocs\gitPractice1\PrograWebLastStand\Practicas\15_Practica\yii\framework\base\CApplication.php(185): CWebApplication->processRequest()
#23 C:\xampp\htdocs\gitPractice1\PrograWebLastStand\Practicas\15_Practica\proyecto_pw\index.php(13): CApplication->run()
#24 {main}
REQUEST_URI=/gitPractice1/PrograWebLastStand/Practicas/15_Practica/proyecto_pw/index.php?r=escuelas/create
HTTP_REFERER=http://localhost/gitPractice1/PrograWebLastStand/Practicas/15_Practica/proyecto_pw/index.php?r=escuelas/index
---
2017/05/27 01:27:25 [error] [exception.CException] exception 'CException' with message 'CActiveForm and its behaviors do not have a method or closure named "select".' in C:\xampp\htdocs\gitPractice1\PrograWebLastStand\Practicas\15_Practica\yii\framework\base\CComponent.php:266
Stack trace:
#0 C:\xampp\htdocs\gitPractice1\PrograWebLastStand\Practicas\15_Practica\proyecto_pw\protected\views\escuelas\_form.php(42): CComponent->__call('select', Array)
#1 C:\xampp\htdocs\gitPractice1\PrograWebLastStand\Practicas\15_Practica\proyecto_pw\protected\views\escuelas\_form.php(42): CActiveForm->select(Object(Escuelas), 'id_municipio')
#2 C:\xampp\htdocs\gitPractice1\PrograWebLastStand\Practicas\15_Practica\yii\framework\web\CBaseController.php(126): require('C:\\xampp\\htdocs...')
#3 C:\xampp\htdocs\gitPractice1\PrograWebLastStand\Practicas\15_Practica\yii\framework\web\CBaseController.php(95): CBaseController->renderInternal('C:\\xampp\\htdocs...', Array, true)
#4 C:\xampp\htdocs\gitPractice1\PrograWebLastStand\Practicas\15_Practica\yii\framework\web\CController.php(872): CBaseController->renderFile('C:\\xampp\\htdocs...', Array, true)
#5 C:\xampp\htdocs\gitPractice1\PrograWebLastStand\Practicas\15_Practica\proyecto_pw\protected\views\escuelas\create.php(18): CController->renderPartial('_form', Array)
#6 C:\xampp\htdocs\gitPractice1\PrograWebLastStand\Practicas\15_Practica\yii\framework\web\CBaseController.php(126): require('C:\\xampp\\htdocs...')
#7 C:\xampp\htdocs\gitPractice1\PrograWebLastStand\Practicas\15_Practica\yii\framework\web\CBaseController.php(95): CBaseController->renderInternal('C:\\xampp\\htdocs...', Array, true)
#8 C:\xampp\htdocs\gitPractice1\PrograWebLastStand\Practicas\15_Practica\yii\framework\web\CController.php(872): CBaseController->renderFile('C:\\xampp\\htdocs...', Array, true)
#9 C:\xampp\htdocs\gitPractice1\PrograWebLastStand\Practicas\15_Practica\yii\framework\web\CController.php(785): CController->renderPartial('create', Array, true)
#10 C:\xampp\htdocs\gitPractice1\PrograWebLastStand\Practicas\15_Practica\proyecto_pw\protected\controllers\EscuelasController.php(86): CController->render('create', Array)
#11 C:\xampp\htdocs\gitPractice1\PrograWebLastStand\Practicas\15_Practica\yii\framework\web\actions\CInlineAction.php(49): EscuelasController->actionCreate()
#12 C:\xampp\htdocs\gitPractice1\PrograWebLastStand\Practicas\15_Practica\yii\framework\web\CController.php(308): CInlineAction->runWithParams(Array)
#13 C:\xampp\htdocs\gitPractice1\PrograWebLastStand\Practicas\15_Practica\yii\framework\web\filters\CFilterChain.php(134): CController->runAction(Object(CInlineAction))
#14 C:\xampp\htdocs\gitPractice1\PrograWebLastStand\Practicas\15_Practica\yii\framework\web\filters\CFilter.php(40): CFilterChain->run()
#15 C:\xampp\htdocs\gitPractice1\PrograWebLastStand\Practicas\15_Practica\yii\framework\web\CController.php(1148): CFilter->filter(Object(CFilterChain))
#16 C:\xampp\htdocs\gitPractice1\PrograWebLastStand\Practicas\15_Practica\yii\framework\web\filters\CInlineFilter.php(58): CController->filterAccessControl(Object(CFilterChain))
#17 C:\xampp\htdocs\gitPractice1\PrograWebLastStand\Practicas\15_Practica\yii\framework\web\filters\CFilterChain.php(131): CInlineFilter->filter(Object(CFilterChain))
#18 C:\xampp\htdocs\gitPractice1\PrograWebLastStand\Practicas\15_Practica\yii\framework\web\CController.php(291): CFilterChain->run()
#19 C:\xampp\htdocs\gitPractice1\PrograWebLastStand\Practicas\15_Practica\yii\framework\web\CController.php(265): CController->runActionWithFilters(Object(CInlineAction), Array)
#20 C:\xampp\htdocs\gitPractice1\PrograWebLastStand\Practicas\15_Practica\yii\framework\web\CWebApplication.php(282): CController->run('create')
#21 C:\xampp\htdocs\gitPractice1\PrograWebLastStand\Practicas\15_Practica\yii\framework\web\CWebApplication.php(141): CWebApplication->runController('escuelas/create')
#22 C:\xampp\htdocs\gitPractice1\PrograWebLastStand\Practicas\15_Practica\yii\framework\base\CApplication.php(185): CWebApplication->processRequest()
#23 C:\xampp\htdocs\gitPractice1\PrograWebLastStand\Practicas\15_Practica\proyecto_pw\index.php(13): CApplication->run()
#24 {main}
REQUEST_URI=/gitPractice1/PrograWebLastStand/Practicas/15_Practica/proyecto_pw/index.php?r=escuelas/create
HTTP_REFERER=http://localhost/gitPractice1/PrograWebLastStand/Practicas/15_Practica/proyecto_pw/index.php?r=escuelas/index
---
2017/05/27 01:27:28 [error] [exception.CException] exception 'CException' with message 'CActiveForm and its behaviors do not have a method or closure named "select".' in C:\xampp\htdocs\gitPractice1\PrograWebLastStand\Practicas\15_Practica\yii\framework\base\CComponent.php:266
Stack trace:
#0 C:\xampp\htdocs\gitPractice1\PrograWebLastStand\Practicas\15_Practica\proyecto_pw\protected\views\escuelas\_form.php(42): CComponent->__call('select', Array)
#1 C:\xampp\htdocs\gitPractice1\PrograWebLastStand\Practicas\15_Practica\proyecto_pw\protected\views\escuelas\_form.php(42): CActiveForm->select(Object(Escuelas), 'id_municipio')
#2 C:\xampp\htdocs\gitPractice1\PrograWebLastStand\Practicas\15_Practica\yii\framework\web\CBaseController.php(126): require('C:\\xampp\\htdocs...')
#3 C:\xampp\htdocs\gitPractice1\PrograWebLastStand\Practicas\15_Practica\yii\framework\web\CBaseController.php(95): CBaseController->renderInternal('C:\\xampp\\htdocs...', Array, true)
#4 C:\xampp\htdocs\gitPractice1\PrograWebLastStand\Practicas\15_Practica\yii\framework\web\CController.php(872): CBaseController->renderFile('C:\\xampp\\htdocs...', Array, true)
#5 C:\xampp\htdocs\gitPractice1\PrograWebLastStand\Practicas\15_Practica\proyecto_pw\protected\views\escuelas\create.php(18): CController->renderPartial('_form', Array)
#6 C:\xampp\htdocs\gitPractice1\PrograWebLastStand\Practicas\15_Practica\yii\framework\web\CBaseController.php(126): require('C:\\xampp\\htdocs...')
#7 C:\xampp\htdocs\gitPractice1\PrograWebLastStand\Practicas\15_Practica\yii\framework\web\CBaseController.php(95): CBaseController->renderInternal('C:\\xampp\\htdocs...', Array, true)
#8 C:\xampp\htdocs\gitPractice1\PrograWebLastStand\Practicas\15_Practica\yii\framework\web\CController.php(872): CBaseController->renderFile('C:\\xampp\\htdocs...', Array, true)
#9 C:\xampp\htdocs\gitPractice1\PrograWebLastStand\Practicas\15_Practica\yii\framework\web\CController.php(785): CController->renderPartial('create', Array, true)
#10 C:\xampp\htdocs\gitPractice1\PrograWebLastStand\Practicas\15_Practica\proyecto_pw\protected\controllers\EscuelasController.php(86): CController->render('create', Array)
#11 C:\xampp\htdocs\gitPractice1\PrograWebLastStand\Practicas\15_Practica\yii\framework\web\actions\CInlineAction.php(49): EscuelasController->actionCreate()
#12 C:\xampp\htdocs\gitPractice1\PrograWebLastStand\Practicas\15_Practica\yii\framework\web\CController.php(308): CInlineAction->runWithParams(Array)
#13 C:\xampp\htdocs\gitPractice1\PrograWebLastStand\Practicas\15_Practica\yii\framework\web\filters\CFilterChain.php(134): CController->runAction(Object(CInlineAction))
#14 C:\xampp\htdocs\gitPractice1\PrograWebLastStand\Practicas\15_Practica\yii\framework\web\filters\CFilter.php(40): CFilterChain->run()
#15 C:\xampp\htdocs\gitPractice1\PrograWebLastStand\Practicas\15_Practica\yii\framework\web\CController.php(1148): CFilter->filter(Object(CFilterChain))
#16 C:\xampp\htdocs\gitPractice1\PrograWebLastStand\Practicas\15_Practica\yii\framework\web\filters\CInlineFilter.php(58): CController->filterAccessControl(Object(CFilterChain))
#17 C:\xampp\htdocs\gitPractice1\PrograWebLastStand\Practicas\15_Practica\yii\framework\web\filters\CFilterChain.php(131): CInlineFilter->filter(Object(CFilterChain))
#18 C:\xampp\htdocs\gitPractice1\PrograWebLastStand\Practicas\15_Practica\yii\framework\web\CController.php(291): CFilterChain->run()
#19 C:\xampp\htdocs\gitPractice1\PrograWebLastStand\Practicas\15_Practica\yii\framework\web\CController.php(265): CController->runActionWithFilters(Object(CInlineAction), Array)
#20 C:\xampp\htdocs\gitPractice1\PrograWebLastStand\Practicas\15_Practica\yii\framework\web\CWebApplication.php(282): CController->run('create')
#21 C:\xampp\htdocs\gitPractice1\PrograWebLastStand\Practicas\15_Practica\yii\framework\web\CWebApplication.php(141): CWebApplication->runController('escuelas/create')
#22 C:\xampp\htdocs\gitPractice1\PrograWebLastStand\Practicas\15_Practica\yii\framework\base\CApplication.php(185): CWebApplication->processRequest()
#23 C:\xampp\htdocs\gitPractice1\PrograWebLastStand\Practicas\15_Practica\proyecto_pw\index.php(13): CApplication->run()
#24 {main}
REQUEST_URI=/gitPractice1/PrograWebLastStand/Practicas/15_Practica/proyecto_pw/index.php?r=escuelas/create
HTTP_REFERER=http://localhost/gitPractice1/PrograWebLastStand/Practicas/15_Practica/proyecto_pw/index.php?r=escuelas/index
---
2017/05/27 01:27:39 [error] [php] Undefined variable: listaMunicipios (C:\xampp\htdocs\gitPractice1\PrograWebLastStand\Practicas\15_Practica\proyecto_pw\protected\controllers\EscuelasController.php:85)
Stack trace:
#0 C:\xampp\htdocs\gitPractice1\PrograWebLastStand\Practicas\15_Practica\yii\framework\web\filters\CFilterChain.php(134): EscuelasController->runAction()
#1 C:\xampp\htdocs\gitPractice1\PrograWebLastStand\Practicas\15_Practica\yii\framework\web\filters\CFilter.php(40): CFilterChain->run()
#2 C:\xampp\htdocs\gitPractice1\PrograWebLastStand\Practicas\15_Practica\yii\framework\web\CController.php(1148): CAccessControlFilter->filter()
#3 C:\xampp\htdocs\gitPractice1\PrograWebLastStand\Practicas\15_Practica\yii\framework\web\filters\CInlineFilter.php(58): EscuelasController->filterAccessControl()
#4 C:\xampp\htdocs\gitPractice1\PrograWebLastStand\Practicas\15_Practica\yii\framework\web\filters\CFilterChain.php(131): CInlineFilter->filter()
#5 C:\xampp\htdocs\gitPractice1\PrograWebLastStand\Practicas\15_Practica\yii\framework\web\CController.php(291): CFilterChain->run()
#6 C:\xampp\htdocs\gitPractice1\PrograWebLastStand\Practicas\15_Practica\yii\framework\web\CController.php(265): EscuelasController->runActionWithFilters()
#7 C:\xampp\htdocs\gitPractice1\PrograWebLastStand\Practicas\15_Practica\yii\framework\web\CWebApplication.php(282): EscuelasController->run()
#8 C:\xampp\htdocs\gitPractice1\PrograWebLastStand\Practicas\15_Practica\yii\framework\web\CWebApplication.php(141): CWebApplication->runController()
#9 C:\xampp\htdocs\gitPractice1\PrograWebLastStand\Practicas\15_Practica\yii\framework\base\CApplication.php(185): CWebApplication->processRequest()
#10 C:\xampp\htdocs\gitPractice1\PrograWebLastStand\Practicas\15_Practica\proyecto_pw\index.php(13): CWebApplication->run()
REQUEST_URI=/gitPractice1/PrograWebLastStand/Practicas/15_Practica/proyecto_pw/index.php?r=escuelas/create
in C:\xampp\htdocs\gitPractice1\PrograWebLastStand\Practicas\15_Practica\proyecto_pw\protected\controllers\EscuelasController.php (85)
in C:\xampp\htdocs\gitPractice1\PrograWebLastStand\Practicas\15_Practica\proyecto_pw\index.php (13)
2017/05/27 01:28:02 [error] [php] Undefined variable: listaMunicipios (C:\xampp\htdocs\gitPractice1\PrograWebLastStand\Practicas\15_Practica\proyecto_pw\protected\controllers\EscuelasController.php:86)
Stack trace:
#0 C:\xampp\htdocs\gitPractice1\PrograWebLastStand\Practicas\15_Practica\yii\framework\web\filters\CFilterChain.php(134): EscuelasController->runAction()
#1 C:\xampp\htdocs\gitPractice1\PrograWebLastStand\Practicas\15_Practica\yii\framework\web\filters\CFilter.php(40): CFilterChain->run()
#2 C:\xampp\htdocs\gitPractice1\PrograWebLastStand\Practicas\15_Practica\yii\framework\web\CController.php(1148): CAccessControlFilter->filter()
#3 C:\xampp\htdocs\gitPractice1\PrograWebLastStand\Practicas\15_Practica\yii\framework\web\filters\CInlineFilter.php(58): EscuelasController->filterAccessControl()
#4 C:\xampp\htdocs\gitPractice1\PrograWebLastStand\Practicas\15_Practica\yii\framework\web\filters\CFilterChain.php(131): CInlineFilter->filter()
#5 C:\xampp\htdocs\gitPractice1\PrograWebLastStand\Practicas\15_Practica\yii\framework\web\CController.php(291): CFilterChain->run()
#6 C:\xampp\htdocs\gitPractice1\PrograWebLastStand\Practicas\15_Practica\yii\framework\web\CController.php(265): EscuelasController->runActionWithFilters()
#7 C:\xampp\htdocs\gitPractice1\PrograWebLastStand\Practicas\15_Practica\yii\framework\web\CWebApplication.php(282): EscuelasController->run()
#8 C:\xampp\htdocs\gitPractice1\PrograWebLastStand\Practicas\15_Practica\yii\framework\web\CWebApplication.php(141): CWebApplication->runController()
#9 C:\xampp\htdocs\gitPractice1\PrograWebLastStand\Practicas\15_Practica\yii\framework\base\CApplication.php(185): CWebApplication->processRequest()
#10 C:\xampp\htdocs\gitPractice1\PrograWebLastStand\Practicas\15_Practica\proyecto_pw\index.php(13): CWebApplication->run()
REQUEST_URI=/gitPractice1/PrograWebLastStand/Practicas/15_Practica/proyecto_pw/index.php?r=escuelas/create
in C:\xampp\htdocs\gitPractice1\PrograWebLastStand\Practicas\15_Practica\proyecto_pw\protected\controllers\EscuelasController.php (86)
in C:\xampp\htdocs\gitPractice1\PrograWebLastStand\Practicas\15_Practica\proyecto_pw\index.php (13)
2017/05/27 01:28:53 [error] [php] Undefined variable: listaMunicipios (C:\xampp\htdocs\gitPractice1\PrograWebLastStand\Practicas\15_Practica\proyecto_pw\protected\controllers\EscuelasController.php:86)
Stack trace:
#0 C:\xampp\htdocs\gitPractice1\PrograWebLastStand\Practicas\15_Practica\yii\framework\web\filters\CFilterChain.php(134): EscuelasController->runAction()
#1 C:\xampp\htdocs\gitPractice1\PrograWebLastStand\Practicas\15_Practica\yii\framework\web\filters\CFilter.php(40): CFilterChain->run()
#2 C:\xampp\htdocs\gitPractice1\PrograWebLastStand\Practicas\15_Practica\yii\framework\web\CController.php(1148): CAccessControlFilter->filter()
#3 C:\xampp\htdocs\gitPractice1\PrograWebLastStand\Practicas\15_Practica\yii\framework\web\filters\CInlineFilter.php(58): EscuelasController->filterAccessControl()
#4 C:\xampp\htdocs\gitPractice1\PrograWebLastStand\Practicas\15_Practica\yii\framework\web\filters\CFilterChain.php(131): CInlineFilter->filter()
#5 C:\xampp\htdocs\gitPractice1\PrograWebLastStand\Practicas\15_Practica\yii\framework\web\CController.php(291): CFilterChain->run()
#6 C:\xampp\htdocs\gitPractice1\PrograWebLastStand\Practicas\15_Practica\yii\framework\web\CController.php(265): EscuelasController->runActionWithFilters()
#7 C:\xampp\htdocs\gitPractice1\PrograWebLastStand\Practicas\15_Practica\yii\framework\web\CWebApplication.php(282): EscuelasController->run()
#8 C:\xampp\htdocs\gitPractice1\PrograWebLastStand\Practicas\15_Practica\yii\framework\web\CWebApplication.php(141): CWebApplication->runController()
#9 C:\xampp\htdocs\gitPractice1\PrograWebLastStand\Practicas\15_Practica\yii\framework\base\CApplication.php(185): CWebApplication->processRequest()
#10 C:\xampp\htdocs\gitPractice1\PrograWebLastStand\Practicas\15_Practica\proyecto_pw\index.php(13): CWebApplication->run()
REQUEST_URI=/gitPractice1/PrograWebLastStand/Practicas/15_Practica/proyecto_pw/index.php?r=escuelas/create
in C:\xampp\htdocs\gitPractice1\PrograWebLastStand\Practicas\15_Practica\proyecto_pw\protected\controllers\EscuelasController.php (86)
in C:\xampp\htdocs\gitPractice1\PrograWebLastStand\Practicas\15_Practica\proyecto_pw\index.php (13)
2017/05/27 01:28:54 [error] [php] Undefined variable: listaMunicipios (C:\xampp\htdocs\gitPractice1\PrograWebLastStand\Practicas\15_Practica\proyecto_pw\protected\controllers\EscuelasController.php:86)
Stack trace:
#0 C:\xampp\htdocs\gitPractice1\PrograWebLastStand\Practicas\15_Practica\yii\framework\web\filters\CFilterChain.php(134): EscuelasController->runAction()
#1 C:\xampp\htdocs\gitPractice1\PrograWebLastStand\Practicas\15_Practica\yii\framework\web\filters\CFilter.php(40): CFilterChain->run()
#2 C:\xampp\htdocs\gitPractice1\PrograWebLastStand\Practicas\15_Practica\yii\framework\web\CController.php(1148): CAccessControlFilter->filter()
#3 C:\xampp\htdocs\gitPractice1\PrograWebLastStand\Practicas\15_Practica\yii\framework\web\filters\CInlineFilter.php(58): EscuelasController->filterAccessControl()
#4 C:\xampp\htdocs\gitPractice1\PrograWebLastStand\Practicas\15_Practica\yii\framework\web\filters\CFilterChain.php(131): CInlineFilter->filter()
#5 C:\xampp\htdocs\gitPractice1\PrograWebLastStand\Practicas\15_Practica\yii\framework\web\CController.php(291): CFilterChain->run()
#6 C:\xampp\htdocs\gitPractice1\PrograWebLastStand\Practicas\15_Practica\yii\framework\web\CController.php(265): EscuelasController->runActionWithFilters()
#7 C:\xampp\htdocs\gitPractice1\PrograWebLastStand\Practicas\15_Practica\yii\framework\web\CWebApplication.php(282): EscuelasController->run()
#8 C:\xampp\htdocs\gitPractice1\PrograWebLastStand\Practicas\15_Practica\yii\framework\web\CWebApplication.php(141): CWebApplication->runController()
#9 C:\xampp\htdocs\gitPractice1\PrograWebLastStand\Practicas\15_Practica\yii\framework\base\CApplication.php(185): CWebApplication->processRequest()
#10 C:\xampp\htdocs\gitPractice1\PrograWebLastStand\Practicas\15_Practica\proyecto_pw\index.php(13): CWebApplication->run()
REQUEST_URI=/gitPractice1/PrograWebLastStand/Practicas/15_Practica/proyecto_pw/index.php?r=escuelas/create
in C:\xampp\htdocs\gitPractice1\PrograWebLastStand\Practicas\15_Practica\proyecto_pw\protected\controllers\EscuelasController.php (86)
in C:\xampp\htdocs\gitPractice1\PrograWebLastStand\Practicas\15_Practica\proyecto_pw\index.php (13)
2017/05/27 01:28:54 [error] [php] Undefined variable: listaMunicipios (C:\xampp\htdocs\gitPractice1\PrograWebLastStand\Practicas\15_Practica\proyecto_pw\protected\controllers\EscuelasController.php:86)
Stack trace:
#0 C:\xampp\htdocs\gitPractice1\PrograWebLastStand\Practicas\15_Practica\yii\framework\web\filters\CFilterChain.php(134): EscuelasController->runAction()
#1 C:\xampp\htdocs\gitPractice1\PrograWebLastStand\Practicas\15_Practica\yii\framework\web\filters\CFilter.php(40): CFilterChain->run()
#2 C:\xampp\htdocs\gitPractice1\PrograWebLastStand\Practicas\15_Practica\yii\framework\web\CController.php(1148): CAccessControlFilter->filter()
#3 C:\xampp\htdocs\gitPractice1\PrograWebLastStand\Practicas\15_Practica\yii\framework\web\filters\CInlineFilter.php(58): EscuelasController->filterAccessControl()
#4 C:\xampp\htdocs\gitPractice1\PrograWebLastStand\Practicas\15_Practica\yii\framework\web\filters\CFilterChain.php(131): CInlineFilter->filter()
#5 C:\xampp\htdocs\gitPractice1\PrograWebLastStand\Practicas\15_Practica\yii\framework\web\CController.php(291): CFilterChain->run()
#6 C:\xampp\htdocs\gitPractice1\PrograWebLastStand\Practicas\15_Practica\yii\framework\web\CController.php(265): EscuelasController->runActionWithFilters()
#7 C:\xampp\htdocs\gitPractice1\PrograWebLastStand\Practicas\15_Practica\yii\framework\web\CWebApplication.php(282): EscuelasController->run()
#8 C:\xampp\htdocs\gitPractice1\PrograWebLastStand\Practicas\15_Practica\yii\framework\web\CWebApplication.php(141): CWebApplication->runController()
#9 C:\xampp\htdocs\gitPractice1\PrograWebLastStand\Practicas\15_Practica\yii\framework\base\CApplication.php(185): CWebApplication->processRequest()
#10 C:\xampp\htdocs\gitPractice1\PrograWebLastStand\Practicas\15_Practica\proyecto_pw\index.php(13): CWebApplication->run()
REQUEST_URI=/gitPractice1/PrograWebLastStand/Practicas/15_Practica/proyecto_pw/index.php?r=escuelas/create
in C:\xampp\htdocs\gitPractice1\PrograWebLastStand\Practicas\15_Practica\proyecto_pw\protected\controllers\EscuelasController.php (86)
in C:\xampp\htdocs\gitPractice1\PrograWebLastStand\Practicas\15_Practica\proyecto_pw\index.php (13)
2017/05/27 01:28:54 [error] [php] Undefined variable: listaMunicipios (C:\xampp\htdocs\gitPractice1\PrograWebLastStand\Practicas\15_Practica\proyecto_pw\protected\controllers\EscuelasController.php:86)
Stack trace:
#0 C:\xampp\htdocs\gitPractice1\PrograWebLastStand\Practicas\15_Practica\yii\framework\web\filters\CFilterChain.php(134): EscuelasController->runAction()
#1 C:\xampp\htdocs\gitPractice1\PrograWebLastStand\Practicas\15_Practica\yii\framework\web\filters\CFilter.php(40): CFilterChain->run()
#2 C:\xampp\htdocs\gitPractice1\PrograWebLastStand\Practicas\15_Practica\yii\framework\web\CController.php(1148): CAccessControlFilter->filter()
#3 C:\xampp\htdocs\gitPractice1\PrograWebLastStand\Practicas\15_Practica\yii\framework\web\filters\CInlineFilter.php(58): EscuelasController->filterAccessControl()
#4 C:\xampp\htdocs\gitPractice1\PrograWebLastStand\Practicas\15_Practica\yii\framework\web\filters\CFilterChain.php(131): CInlineFilter->filter()
#5 C:\xampp\htdocs\gitPractice1\PrograWebLastStand\Practicas\15_Practica\yii\framework\web\CController.php(291): CFilterChain->run()
#6 C:\xampp\htdocs\gitPractice1\PrograWebLastStand\Practicas\15_Practica\yii\framework\web\CController.php(265): EscuelasController->runActionWithFilters()
#7 C:\xampp\htdocs\gitPractice1\PrograWebLastStand\Practicas\15_Practica\yii\framework\web\CWebApplication.php(282): EscuelasController->run()
#8 C:\xampp\htdocs\gitPractice1\PrograWebLastStand\Practicas\15_Practica\yii\framework\web\CWebApplication.php(141): CWebApplication->runController()
#9 C:\xampp\htdocs\gitPractice1\PrograWebLastStand\Practicas\15_Practica\yii\framework\base\CApplication.php(185): CWebApplication->processRequest()
#10 C:\xampp\htdocs\gitPractice1\PrograWebLastStand\Practicas\15_Practica\proyecto_pw\index.php(13): CWebApplication->run()
REQUEST_URI=/gitPractice1/PrograWebLastStand/Practicas/15_Practica/proyecto_pw/index.php?r=escuelas/create
in C:\xampp\htdocs\gitPractice1\PrograWebLastStand\Practicas\15_Practica\proyecto_pw\protected\controllers\EscuelasController.php (86)
in C:\xampp\htdocs\gitPractice1\PrograWebLastStand\Practicas\15_Practica\proyecto_pw\index.php (13)
2017/05/27 01:28:55 [error] [php] Undefined variable: listaMunicipios (C:\xampp\htdocs\gitPractice1\PrograWebLastStand\Practicas\15_Practica\proyecto_pw\protected\controllers\EscuelasController.php:86)
Stack trace:
#0 C:\xampp\htdocs\gitPractice1\PrograWebLastStand\Practicas\15_Practica\yii\framework\web\filters\CFilterChain.php(134): EscuelasController->runAction()
#1 C:\xampp\htdocs\gitPractice1\PrograWebLastStand\Practicas\15_Practica\yii\framework\web\filters\CFilter.php(40): CFilterChain->run()
#2 C:\xampp\htdocs\gitPractice1\PrograWebLastStand\Practicas\15_Practica\yii\framework\web\CController.php(1148): CAccessControlFilter->filter()
#3 C:\xampp\htdocs\gitPractice1\PrograWebLastStand\Practicas\15_Practica\yii\framework\web\filters\CInlineFilter.php(58): EscuelasController->filterAccessControl()
#4 C:\xampp\htdocs\gitPractice1\PrograWebLastStand\Practicas\15_Practica\yii\framework\web\filters\CFilterChain.php(131): CInlineFilter->filter()
#5 C:\xampp\htdocs\gitPractice1\PrograWebLastStand\Practicas\15_Practica\yii\framework\web\CController.php(291): CFilterChain->run()
#6 C:\xampp\htdocs\gitPractice1\PrograWebLastStand\Practicas\15_Practica\yii\framework\web\CController.php(265): EscuelasController->runActionWithFilters()
#7 C:\xampp\htdocs\gitPractice1\PrograWebLastStand\Practicas\15_Practica\yii\framework\web\CWebApplication.php(282): EscuelasController->run()
#8 C:\xampp\htdocs\gitPractice1\PrograWebLastStand\Practicas\15_Practica\yii\framework\web\CWebApplication.php(141): CWebApplication->runController()
#9 C:\xampp\htdocs\gitPractice1\PrograWebLastStand\Practicas\15_Practica\yii\framework\base\CApplication.php(185): CWebApplication->processRequest()
#10 C:\xampp\htdocs\gitPractice1\PrograWebLastStand\Practicas\15_Practica\proyecto_pw\index.php(13): CWebApplication->run()
REQUEST_URI=/gitPractice1/PrograWebLastStand/Practicas/15_Practica/proyecto_pw/index.php?r=escuelas/create
in C:\xampp\htdocs\gitPractice1\PrograWebLastStand\Practicas\15_Practica\proyecto_pw\protected\controllers\EscuelasController.php (86)
in C:\xampp\htdocs\gitPractice1\PrograWebLastStand\Practicas\15_Practica\proyecto_pw\index.php (13)
2017/05/27 01:28:55 [error] [php] Undefined variable: listaMunicipios (C:\xampp\htdocs\gitPractice1\PrograWebLastStand\Practicas\15_Practica\proyecto_pw\protected\controllers\EscuelasController.php:86)
Stack trace:
#0 C:\xampp\htdocs\gitPractice1\PrograWebLastStand\Practicas\15_Practica\yii\framework\web\filters\CFilterChain.php(134): EscuelasController->runAction()
#1 C:\xampp\htdocs\gitPractice1\PrograWebLastStand\Practicas\15_Practica\yii\framework\web\filters\CFilter.php(40): CFilterChain->run()
#2 C:\xampp\htdocs\gitPractice1\PrograWebLastStand\Practicas\15_Practica\yii\framework\web\CController.php(1148): CAccessControlFilter->filter()
#3 C:\xampp\htdocs\gitPractice1\PrograWebLastStand\Practicas\15_Practica\yii\framework\web\filters\CInlineFilter.php(58): EscuelasController->filterAccessControl()
#4 C:\xampp\htdocs\gitPractice1\PrograWebLastStand\Practicas\15_Practica\yii\framework\web\filters\CFilterChain.php(131): CInlineFilter->filter()
#5 C:\xampp\htdocs\gitPractice1\PrograWebLastStand\Practicas\15_Practica\yii\framework\web\CController.php(291): CFilterChain->run()
#6 C:\xampp\htdocs\gitPractice1\PrograWebLastStand\Practicas\15_Practica\yii\framework\web\CController.php(265): EscuelasController->runActionWithFilters()
#7 C:\xampp\htdocs\gitPractice1\PrograWebLastStand\Practicas\15_Practica\yii\framework\web\CWebApplication.php(282): EscuelasController->run()
#8 C:\xampp\htdocs\gitPractice1\PrograWebLastStand\Practicas\15_Practica\yii\framework\web\CWebApplication.php(141): CWebApplication->runController()
#9 C:\xampp\htdocs\gitPractice1\PrograWebLastStand\Practicas\15_Practica\yii\framework\base\CApplication.php(185): CWebApplication->processRequest()
#10 C:\xampp\htdocs\gitPractice1\PrograWebLastStand\Practicas\15_Practica\proyecto_pw\index.php(13): CWebApplication->run()
REQUEST_URI=/gitPractice1/PrograWebLastStand/Practicas/15_Practica/proyecto_pw/index.php?r=escuelas/create
in C:\xampp\htdocs\gitPractice1\PrograWebLastStand\Practicas\15_Practica\proyecto_pw\protected\controllers\EscuelasController.php (86)
in C:\xampp\htdocs\gitPractice1\PrograWebLastStand\Practicas\15_Practica\proyecto_pw\index.php (13)
2017/05/27 01:28:55 [error] [php] Undefined variable: listaMunicipios (C:\xampp\htdocs\gitPractice1\PrograWebLastStand\Practicas\15_Practica\proyecto_pw\protected\controllers\EscuelasController.php:86)
Stack trace:
#0 C:\xampp\htdocs\gitPractice1\PrograWebLastStand\Practicas\15_Practica\yii\framework\web\filters\CFilterChain.php(134): EscuelasController->runAction()
#1 C:\xampp\htdocs\gitPractice1\PrograWebLastStand\Practicas\15_Practica\yii\framework\web\filters\CFilter.php(40): CFilterChain->run()
#2 C:\xampp\htdocs\gitPractice1\PrograWebLastStand\Practicas\15_Practica\yii\framework\web\CController.php(1148): CAccessControlFilter->filter()
#3 C:\xampp\htdocs\gitPractice1\PrograWebLastStand\Practicas\15_Practica\yii\framework\web\filters\CInlineFilter.php(58): EscuelasController->filterAccessControl()
#4 C:\xampp\htdocs\gitPractice1\PrograWebLastStand\Practicas\15_Practica\yii\framework\web\filters\CFilterChain.php(131): CInlineFilter->filter()
#5 C:\xampp\htdocs\gitPractice1\PrograWebLastStand\Practicas\15_Practica\yii\framework\web\CController.php(291): CFilterChain->run()
#6 C:\xampp\htdocs\gitPractice1\PrograWebLastStand\Practicas\15_Practica\yii\framework\web\CController.php(265): EscuelasController->runActionWithFilters()
#7 C:\xampp\htdocs\gitPractice1\PrograWebLastStand\Practicas\15_Practica\yii\framework\web\CWebApplication.php(282): EscuelasController->run()
#8 C:\xampp\htdocs\gitPractice1\PrograWebLastStand\Practicas\15_Practica\yii\framework\web\CWebApplication.php(141): CWebApplication->runController()
#9 C:\xampp\htdocs\gitPractice1\PrograWebLastStand\Practicas\15_Practica\yii\framework\base\CApplication.php(185): CWebApplication->processRequest()
#10 C:\xampp\htdocs\gitPractice1\PrograWebLastStand\Practicas\15_Practica\proyecto_pw\index.php(13): CWebApplication->run()
REQUEST_URI=/gitPractice1/PrograWebLastStand/Practicas/15_Practica/proyecto_pw/index.php?r=escuelas/create
in C:\xampp\htdocs\gitPractice1\PrograWebLastStand\Practicas\15_Practica\proyecto_pw\protected\controllers\EscuelasController.php (86)
in C:\xampp\htdocs\gitPractice1\PrograWebLastStand\Practicas\15_Practica\proyecto_pw\index.php (13)
2017/05/27 01:28:55 [error] [php] Undefined variable: listaMunicipios (C:\xampp\htdocs\gitPractice1\PrograWebLastStand\Practicas\15_Practica\proyecto_pw\protected\controllers\EscuelasController.php:86)
Stack trace:
#0 C:\xampp\htdocs\gitPractice1\PrograWebLastStand\Practicas\15_Practica\yii\framework\web\filters\CFilterChain.php(134): EscuelasController->runAction()
#1 C:\xampp\htdocs\gitPractice1\PrograWebLastStand\Practicas\15_Practica\yii\framework\web\filters\CFilter.php(40): CFilterChain->run()
#2 C:\xampp\htdocs\gitPractice1\PrograWebLastStand\Practicas\15_Practica\yii\framework\web\CController.php(1148): CAccessControlFilter->filter()
#3 C:\xampp\htdocs\gitPractice1\PrograWebLastStand\Practicas\15_Practica\yii\framework\web\filters\CInlineFilter.php(58): EscuelasController->filterAccessControl()
#4 C:\xampp\htdocs\gitPractice1\PrograWebLastStand\Practicas\15_Practica\yii\framework\web\filters\CFilterChain.php(131): CInlineFilter->filter()
#5 C:\xampp\htdocs\gitPractice1\PrograWebLastStand\Practicas\15_Practica\yii\framework\web\CController.php(291): CFilterChain->run()
#6 C:\xampp\htdocs\gitPractice1\PrograWebLastStand\Practicas\15_Practica\yii\framework\web\CController.php(265): EscuelasController->runActionWithFilters()
#7 C:\xampp\htdocs\gitPractice1\PrograWebLastStand\Practicas\15_Practica\yii\framework\web\CWebApplication.php(282): EscuelasController->run()
#8 C:\xampp\htdocs\gitPractice1\PrograWebLastStand\Practicas\15_Practica\yii\framework\web\CWebApplication.php(141): CWebApplication->runController()
#9 C:\xampp\htdocs\gitPractice1\PrograWebLastStand\Practicas\15_Practica\yii\framework\base\CApplication.php(185): CWebApplication->processRequest()
#10 C:\xampp\htdocs\gitPractice1\PrograWebLastStand\Practicas\15_Practica\proyecto_pw\index.php(13): CWebApplication->run()
REQUEST_URI=/gitPractice1/PrograWebLastStand/Practicas/15_Practica/proyecto_pw/index.php?r=escuelas/create
in C:\xampp\htdocs\gitPractice1\PrograWebLastStand\Practicas\15_Practica\proyecto_pw\protected\controllers\EscuelasController.php (86)
in C:\xampp\htdocs\gitPractice1\PrograWebLastStand\Practicas\15_Practica\proyecto_pw\index.php (13)
2017/05/27 01:29:31 [error] [php] Undefined variable: listaMunicipios (C:\xampp\htdocs\gitPractice1\PrograWebLastStand\Practicas\15_Practica\proyecto_pw\protected\controllers\EscuelasController.php:86)
Stack trace:
#0 C:\xampp\htdocs\gitPractice1\PrograWebLastStand\Practicas\15_Practica\yii\framework\web\filters\CFilterChain.php(134): EscuelasController->runAction()
#1 C:\xampp\htdocs\gitPractice1\PrograWebLastStand\Practicas\15_Practica\yii\framework\web\filters\CFilter.php(40): CFilterChain->run()
#2 C:\xampp\htdocs\gitPractice1\PrograWebLastStand\Practicas\15_Practica\yii\framework\web\CController.php(1148): CAccessControlFilter->filter()
#3 C:\xampp\htdocs\gitPractice1\PrograWebLastStand\Practicas\15_Practica\yii\framework\web\filters\CInlineFilter.php(58): EscuelasController->filterAccessControl()
#4 C:\xampp\htdocs\gitPractice1\PrograWebLastStand\Practicas\15_Practica\yii\framework\web\filters\CFilterChain.php(131): CInlineFilter->filter()
#5 C:\xampp\htdocs\gitPractice1\PrograWebLastStand\Practicas\15_Practica\yii\framework\web\CController.php(291): CFilterChain->run()
#6 C:\xampp\htdocs\gitPractice1\PrograWebLastStand\Practicas\15_Practica\yii\framework\web\CController.php(265): EscuelasController->runActionWithFilters()
#7 C:\xampp\htdocs\gitPractice1\PrograWebLastStand\Practicas\15_Practica\yii\framework\web\CWebApplication.php(282): EscuelasController->run()
#8 C:\xampp\htdocs\gitPractice1\PrograWebLastStand\Practicas\15_Practica\yii\framework\web\CWebApplication.php(141): CWebApplication->runController()
#9 C:\xampp\htdocs\gitPractice1\PrograWebLastStand\Practicas\15_Practica\yii\framework\base\CApplication.php(185): CWebApplication->processRequest()
#10 C:\xampp\htdocs\gitPractice1\PrograWebLastStand\Practicas\15_Practica\proyecto_pw\index.php(13): CWebApplication->run()
REQUEST_URI=/gitPractice1/PrograWebLastStand/Practicas/15_Practica/proyecto_pw/index.php?r=escuelas/create
in C:\xampp\htdocs\gitPractice1\PrograWebLastStand\Practicas\15_Practica\proyecto_pw\protected\controllers\EscuelasController.php (86)
in C:\xampp\htdocs\gitPractice1\PrograWebLastStand\Practicas\15_Practica\proyecto_pw\index.php (13)
2017/05/27 01:30:38 [error] [php] Undefined variable: listaMunicipios (C:\xampp\htdocs\gitPractice1\PrograWebLastStand\Practicas\15_Practica\proyecto_pw\protected\controllers\EscuelasController.php:86)
Stack trace:
#0 C:\xampp\htdocs\gitPractice1\PrograWebLastStand\Practicas\15_Practica\yii\framework\web\filters\CFilterChain.php(134): EscuelasController->runAction()
#1 C:\xampp\htdocs\gitPractice1\PrograWebLastStand\Practicas\15_Practica\yii\framework\web\filters\CFilter.php(40): CFilterChain->run()
#2 C:\xampp\htdocs\gitPractice1\PrograWebLastStand\Practicas\15_Practica\yii\framework\web\CController.php(1148): CAccessControlFilter->filter()
#3 C:\xampp\htdocs\gitPractice1\PrograWebLastStand\Practicas\15_Practica\yii\framework\web\filters\CInlineFilter.php(58): EscuelasController->filterAccessControl()
#4 C:\xampp\htdocs\gitPractice1\PrograWebLastStand\Practicas\15_Practica\yii\framework\web\filters\CFilterChain.php(131): CInlineFilter->filter()
#5 C:\xampp\htdocs\gitPractice1\PrograWebLastStand\Practicas\15_Practica\yii\framework\web\CController.php(291): CFilterChain->run()
#6 C:\xampp\htdocs\gitPractice1\PrograWebLastStand\Practicas\15_Practica\yii\framework\web\CController.php(265): EscuelasController->runActionWithFilters()
#7 C:\xampp\htdocs\gitPractice1\PrograWebLastStand\Practicas\15_Practica\yii\framework\web\CWebApplication.php(282): EscuelasController->run()
#8 C:\xampp\htdocs\gitPractice1\PrograWebLastStand\Practicas\15_Practica\yii\framework\web\CWebApplication.php(141): CWebApplication->runController()
#9 C:\xampp\htdocs\gitPractice1\PrograWebLastStand\Practicas\15_Practica\yii\framework\base\CApplication.php(185): CWebApplication->processRequest()
#10 C:\xampp\htdocs\gitPractice1\PrograWebLastStand\Practicas\15_Practica\proyecto_pw\index.php(13): CWebApplication->run()
REQUEST_URI=/gitPractice1/PrograWebLastStand/Practicas/15_Practica/proyecto_pw/index.php?r=escuelas/create
in C:\xampp\htdocs\gitPractice1\PrograWebLastStand\Practicas\15_Practica\proyecto_pw\protected\controllers\EscuelasController.php (86)
in C:\xampp\htdocs\gitPractice1\PrograWebLastStand\Practicas\15_Practica\proyecto_pw\index.php (13)
2017/05/27 01:30:52 [error] [php] Undefined variable: listaMunicipios (C:\xampp\htdocs\gitPractice1\PrograWebLastStand\Practicas\15_Practica\proyecto_pw\protected\controllers\EscuelasController.php:85)
Stack trace:
#0 C:\xampp\htdocs\gitPractice1\PrograWebLastStand\Practicas\15_Practica\yii\framework\web\filters\CFilterChain.php(134): EscuelasController->runAction()
#1 C:\xampp\htdocs\gitPractice1\PrograWebLastStand\Practicas\15_Practica\yii\framework\web\filters\CFilter.php(40): CFilterChain->run()
#2 C:\xampp\htdocs\gitPractice1\PrograWebLastStand\Practicas\15_Practica\yii\framework\web\CController.php(1148): CAccessControlFilter->filter()
#3 C:\xampp\htdocs\gitPractice1\PrograWebLastStand\Practicas\15_Practica\yii\framework\web\filters\CInlineFilter.php(58): EscuelasController->filterAccessControl()
#4 C:\xampp\htdocs\gitPractice1\PrograWebLastStand\Practicas\15_Practica\yii\framework\web\filters\CFilterChain.php(131): CInlineFilter->filter()
#5 C:\xampp\htdocs\gitPractice1\PrograWebLastStand\Practicas\15_Practica\yii\framework\web\CController.php(291): CFilterChain->run()
#6 C:\xampp\htdocs\gitPractice1\PrograWebLastStand\Practicas\15_Practica\yii\framework\web\CController.php(265): EscuelasController->runActionWithFilters()
#7 C:\xampp\htdocs\gitPractice1\PrograWebLastStand\Practicas\15_Practica\yii\framework\web\CWebApplication.php(282): EscuelasController->run()
#8 C:\xampp\htdocs\gitPractice1\PrograWebLastStand\Practicas\15_Practica\yii\framework\web\CWebApplication.php(141): CWebApplication->runController()
#9 C:\xampp\htdocs\gitPractice1\PrograWebLastStand\Practicas\15_Practica\yii\framework\base\CApplication.php(185): CWebApplication->processRequest()
#10 C:\xampp\htdocs\gitPractice1\PrograWebLastStand\Practicas\15_Practica\proyecto_pw\index.php(13): CWebApplication->run()
REQUEST_URI=/gitPractice1/PrograWebLastStand/Practicas/15_Practica/proyecto_pw/index.php?r=escuelas/create
in C:\xampp\htdocs\gitPractice1\PrograWebLastStand\Practicas\15_Practica\proyecto_pw\protected\controllers\EscuelasController.php (85)
in C:\xampp\htdocs\gitPractice1\PrograWebLastStand\Practicas\15_Practica\proyecto_pw\index.php (13)
2017/05/27 01:31:21 [error] [php] Undefined variable: listaMunicipios (C:\xampp\htdocs\gitPractice1\PrograWebLastStand\Practicas\15_Practica\proyecto_pw\protected\controllers\EscuelasController.php:85)
Stack trace:
#0 C:\xampp\htdocs\gitPractice1\PrograWebLastStand\Practicas\15_Practica\yii\framework\web\filters\CFilterChain.php(134): EscuelasController->runAction()
#1 C:\xampp\htdocs\gitPractice1\PrograWebLastStand\Practicas\15_Practica\yii\framework\web\filters\CFilter.php(40): CFilterChain->run()
#2 C:\xampp\htdocs\gitPractice1\PrograWebLastStand\Practicas\15_Practica\yii\framework\web\CController.php(1148): CAccessControlFilter->filter()
#3 C:\xampp\htdocs\gitPractice1\PrograWebLastStand\Practicas\15_Practica\yii\framework\web\filters\CInlineFilter.php(58): EscuelasController->filterAccessControl()
#4 C:\xampp\htdocs\gitPractice1\PrograWebLastStand\Practicas\15_Practica\yii\framework\web\filters\CFilterChain.php(131): CInlineFilter->filter()
#5 C:\xampp\htdocs\gitPractice1\PrograWebLastStand\Practicas\15_Practica\yii\framework\web\CController.php(291): CFilterChain->run()
#6 C:\xampp\htdocs\gitPractice1\PrograWebLastStand\Practicas\15_Practica\yii\framework\web\CController.php(265): EscuelasController->runActionWithFilters()
#7 C:\xampp\htdocs\gitPractice1\PrograWebLastStand\Practicas\15_Practica\yii\framework\web\CWebApplication.php(282): EscuelasController->run()
#8 C:\xampp\htdocs\gitPractice1\PrograWebLastStand\Practicas\15_Practica\yii\framework\web\CWebApplication.php(141): CWebApplication->runController()
#9 C:\xampp\htdocs\gitPractice1\PrograWebLastStand\Practicas\15_Practica\yii\framework\base\CApplication.php(185): CWebApplication->processRequest()
#10 C:\xampp\htdocs\gitPractice1\PrograWebLastStand\Practicas\15_Practica\proyecto_pw\index.php(13): CWebApplication->run()
REQUEST_URI=/gitPractice1/PrograWebLastStand/Practicas/15_Practica/proyecto_pw/index.php?r=escuelas/create
in C:\xampp\htdocs\gitPractice1\PrograWebLastStand\Practicas\15_Practica\proyecto_pw\protected\controllers\EscuelasController.php (85)
in C:\xampp\htdocs\gitPractice1\PrograWebLastStand\Practicas\15_Practica\proyecto_pw\index.php (13)
2017/05/27 01:35:03 [error] [exception.CException] exception 'CException' with message 'CActiveForm and its behaviors do not have a method or closure named "select".' in C:\xampp\htdocs\gitPractice1\PrograWebLastStand\Practicas\15_Practica\yii\framework\base\CComponent.php:266
Stack trace:
#0 C:\xampp\htdocs\gitPractice1\PrograWebLastStand\Practicas\15_Practica\proyecto_pw\protected\views\escuelas\_form.php(42): CComponent->__call('select', Array)
#1 C:\xampp\htdocs\gitPractice1\PrograWebLastStand\Practicas\15_Practica\proyecto_pw\protected\views\escuelas\_form.php(42): CActiveForm->select(Object(Escuelas), 'id_municipio')
#2 C:\xampp\htdocs\gitPractice1\PrograWebLastStand\Practicas\15_Practica\yii\framework\web\CBaseController.php(126): require('C:\\xampp\\htdocs...')
#3 C:\xampp\htdocs\gitPractice1\PrograWebLastStand\Practicas\15_Practica\yii\framework\web\CBaseController.php(95): CBaseController->renderInternal('C:\\xampp\\htdocs...', Array, true)
#4 C:\xampp\htdocs\gitPractice1\PrograWebLastStand\Practicas\15_Practica\yii\framework\web\CController.php(872): CBaseController->renderFile('C:\\xampp\\htdocs...', Array, true)
#5 C:\xampp\htdocs\gitPractice1\PrograWebLastStand\Practicas\15_Practica\proyecto_pw\protected\views\escuelas\create.php(22): CController->renderPartial('_form', Array)
#6 C:\xampp\htdocs\gitPractice1\PrograWebLastStand\Practicas\15_Practica\yii\framework\web\CBaseController.php(126): require('C:\\xampp\\htdocs...')
#7 C:\xampp\htdocs\gitPractice1\PrograWebLastStand\Practicas\15_Practica\yii\framework\web\CBaseController.php(95): CBaseController->renderInternal('C:\\xampp\\htdocs...', Array, true)
#8 C:\xampp\htdocs\gitPractice1\PrograWebLastStand\Practicas\15_Practica\yii\framework\web\CController.php(872): CBaseController->renderFile('C:\\xampp\\htdocs...', Array, true)
#9 C:\xampp\htdocs\gitPractice1\PrograWebLastStand\Practicas\15_Practica\yii\framework\web\CController.php(785): CController->renderPartial('create', Array, true)
#10 C:\xampp\htdocs\gitPractice1\PrograWebLastStand\Practicas\15_Practica\proyecto_pw\protected\controllers\EscuelasController.php(86): CController->render('create', Array)
#11 C:\xampp\htdocs\gitPractice1\PrograWebLastStand\Practicas\15_Practica\yii\framework\web\actions\CInlineAction.php(49): EscuelasController->actionCreate()
#12 C:\xampp\htdocs\gitPractice1\PrograWebLastStand\Practicas\15_Practica\yii\framework\web\CController.php(308): CInlineAction->runWithParams(Array)
#13 C:\xampp\htdocs\gitPractice1\PrograWebLastStand\Practicas\15_Practica\yii\framework\web\filters\CFilterChain.php(134): CController->runAction(Object(CInlineAction))
#14 C:\xampp\htdocs\gitPractice1\PrograWebLastStand\Practicas\15_Practica\yii\framework\web\filters\CFilter.php(40): CFilterChain->run()
#15 C:\xampp\htdocs\gitPractice1\PrograWebLastStand\Practicas\15_Practica\yii\framework\web\CController.php(1148): CFilter->filter(Object(CFilterChain))
#16 C:\xampp\htdocs\gitPractice1\PrograWebLastStand\Practicas\15_Practica\yii\framework\web\filters\CInlineFilter.php(58): CController->filterAccessControl(Object(CFilterChain))
#17 C:\xampp\htdocs\gitPractice1\PrograWebLastStand\Practicas\15_Practica\yii\framework\web\filters\CFilterChain.php(131): CInlineFilter->filter(Object(CFilterChain))
#18 C:\xampp\htdocs\gitPractice1\PrograWebLastStand\Practicas\15_Practica\yii\framework\web\CController.php(291): CFilterChain->run()
#19 C:\xampp\htdocs\gitPractice1\PrograWebLastStand\Practicas\15_Practica\yii\framework\web\CController.php(265): CController->runActionWithFilters(Object(CInlineAction), Array)
#20 C:\xampp\htdocs\gitPractice1\PrograWebLastStand\Practicas\15_Practica\yii\framework\web\CWebApplication.php(282): CController->run('create')
#21 C:\xampp\htdocs\gitPractice1\PrograWebLastStand\Practicas\15_Practica\yii\framework\web\CWebApplication.php(141): CWebApplication->runController('escuelas/create')
#22 C:\xampp\htdocs\gitPractice1\PrograWebLastStand\Practicas\15_Practica\yii\framework\base\CApplication.php(185): CWebApplication->processRequest()
#23 C:\xampp\htdocs\gitPractice1\PrograWebLastStand\Practicas\15_Practica\proyecto_pw\index.php(13): CApplication->run()
#24 {main}
REQUEST_URI=/gitPractice1/PrograWebLastStand/Practicas/15_Practica/proyecto_pw/index.php?r=escuelas/create
HTTP_REFERER=http://localhost/gitPractice1/PrograWebLastStand/Practicas/15_Practica/proyecto_pw/index.php?r=escuelas/index
---
