2017/05/18 01:11:48 [error] [system.db.CDbCommand] CDbCommand::fetchAll() failed: SQLSTATE[42S02]: Base table or view not found: 1146 Table 'test.{{post}}' doesn't exist. The SQL statement executed was: SHOW FULL COLUMNS FROM `{{post}}`.
2017/05/18 01:11:48 [error] [exception.CDbException] exception 'CDbException' with message 'The table "{{post}}" for active record class "Post" cannot be found in the database.' in C:\xampp\htdocs\gitPractice1\PrograWebLastStand\Practicas\15_Practica\yii\framework\db\ar\CActiveRecord.php:2390
Stack trace:
#0 C:\xampp\htdocs\gitPractice1\PrograWebLastStand\Practicas\15_Practica\yii\framework\db\ar\CActiveRecord.php(413): CActiveRecordMetaData->__construct(Object(Post))
#1 C:\xampp\htdocs\gitPractice1\PrograWebLastStand\Practicas\15_Practica\yii\framework\db\ar\CActiveRecord.php(663): CActiveRecord->getMetaData()
#2 C:\xampp\htdocs\gitPractice1\PrograWebLastStand\Practicas\15_Practica\yii\framework\db\ar\CActiveFinder.php(393): CActiveRecord->getTableSchema()
#3 C:\xampp\htdocs\gitPractice1\PrograWebLastStand\Practicas\15_Practica\yii\framework\db\ar\CActiveFinder.php(47): CJoinElement->__construct(Object(CActiveFinder), Object(Post))
#4 C:\xampp\htdocs\gitPractice1\PrograWebLastStand\Practicas\15_Practica\yii\framework\db\ar\CActiveRecord.php(915): CActiveFinder->__construct(Object(Post), 'commentCount')
#5 C:\xampp\htdocs\gitPractice1\PrograWebLastStand\Practicas\15_Practica\yii\framework\db\ar\CActiveRecord.php(1612): CActiveRecord->getActiveFinder('commentCount')
#6 C:\xampp\htdocs\gitPractice1\PrograWebLastStand\Practicas\15_Practica\yii\framework\web\CActiveDataProvider.php(228): CActiveRecord->count(Object(CDbCriteria))
#7 C:\xampp\htdocs\gitPractice1\PrograWebLastStand\Practicas\15_Practica\yii\framework\web\CDataProvider.php(224): CActiveDataProvider->calculateTotalItemCount()
#8 C:\xampp\htdocs\gitPractice1\PrograWebLastStand\Practicas\15_Practica\yii\framework\web\CActiveDataProvider.php(178): CDataProvider->getTotalItemCount()
#9 C:\xampp\htdocs\gitPractice1\PrograWebLastStand\Practicas\15_Practica\yii\framework\web\CDataProvider.php(168): CActiveDataProvider->fetchData()
#10 C:\xampp\htdocs\gitPractice1\PrograWebLastStand\Practicas\15_Practica\yii\framework\zii\widgets\CBaseListView.php(125): CDataProvider->getData()
#11 C:\xampp\htdocs\gitPractice1\PrograWebLastStand\Practicas\15_Practica\yii\framework\zii\widgets\CListView.php(211): CBaseListView->init()
#12 C:\xampp\htdocs\gitPractice1\PrograWebLastStand\Practicas\15_Practica\yii\framework\web\CBaseController.php(147): CListView->init()
#13 C:\xampp\htdocs\gitPractice1\PrograWebLastStand\Practicas\15_Practica\yii\framework\web\CBaseController.php(181): CBaseController->createWidget('zii.widgets.CLi...', Array)
#14 C:\xampp\htdocs\gitPractice1\PrograWebLastStand\Practicas\15_Practica\yii\demos\blog\protected\views\post\index.php(9): CBaseController->widget('zii.widgets.CLi...', Array)
#15 C:\xampp\htdocs\gitPractice1\PrograWebLastStand\Practicas\15_Practica\yii\framework\web\CBaseController.php(126): require('C:\\xampp\\htdocs...')
#16 C:\xampp\htdocs\gitPractice1\PrograWebLastStand\Practicas\15_Practica\yii\framework\web\CBaseController.php(95): CBaseController->renderInternal('C:\\xampp\\htdocs...', Array, true)
#17 C:\xampp\htdocs\gitPractice1\PrograWebLastStand\Practicas\15_Practica\yii\framework\web\CController.php(872): CBaseController->renderFile('C:\\xampp\\htdocs...', Array, true)
#18 C:\xampp\htdocs\gitPractice1\PrograWebLastStand\Practicas\15_Practica\yii\framework\web\CController.php(785): CController->renderPartial('index', Array, true)
#19 C:\xampp\htdocs\gitPractice1\PrograWebLastStand\Practicas\15_Practica\yii\demos\blog\protected\controllers\PostController.php(136): CController->render('index', Array)
#20 C:\xampp\htdocs\gitPractice1\PrograWebLastStand\Practicas\15_Practica\yii\framework\web\actions\CInlineAction.php(49): PostController->actionIndex()
#21 C:\xampp\htdocs\gitPractice1\PrograWebLastStand\Practicas\15_Practica\yii\framework\web\CController.php(308): CInlineAction->runWithParams(Array)
#22 C:\xampp\htdocs\gitPractice1\PrograWebLastStand\Practicas\15_Practica\yii\framework\web\filters\CFilterChain.php(134): CController->runAction(Object(CInlineAction))
#23 C:\xampp\htdocs\gitPractice1\PrograWebLastStand\Practicas\15_Practica\yii\framework\web\filters\CFilter.php(40): CFilterChain->run()
#24 C:\xampp\htdocs\gitPractice1\PrograWebLastStand\Practicas\15_Practica\yii\framework\web\CController.php(1148): CFilter->filter(Object(CFilterChain))
#25 C:\xampp\htdocs\gitPractice1\PrograWebLastStand\Practicas\15_Practica\yii\framework\web\filters\CInlineFilter.php(58): CController->filterAccessControl(Object(CFilterChain))
#26 C:\xampp\htdocs\gitPractice1\PrograWebLastStand\Practicas\15_Practica\yii\framework\web\filters\CFilterChain.php(131): CInlineFilter->filter(Object(CFilterChain))
#27 C:\xampp\htdocs\gitPractice1\PrograWebLastStand\Practicas\15_Practica\yii\framework\web\CController.php(291): CFilterChain->run()
#28 C:\xampp\htdocs\gitPractice1\PrograWebLastStand\Practicas\15_Practica\yii\framework\web\CController.php(265): CController->runActionWithFilters(Object(CInlineAction), Array)
#29 C:\xampp\htdocs\gitPractice1\PrograWebLastStand\Practicas\15_Practica\yii\framework\web\CWebApplication.php(282): CController->run('')
#30 C:\xampp\htdocs\gitPractice1\PrograWebLastStand\Practicas\15_Practica\yii\framework\web\CWebApplication.php(141): CWebApplication->runController('')
#31 C:\xampp\htdocs\gitPractice1\PrograWebLastStand\Practicas\15_Practica\yii\framework\base\CApplication.php(185): CWebApplication->processRequest()
#32 C:\xampp\htdocs\gitPractice1\PrograWebLastStand\Practicas\15_Practica\yii\demos\blog\index.php(11): CApplication->run()
#33 {main}
REQUEST_URI=/gitPractice1/PrograWebLastStand/Practicas/15_Practica/yii/demos/blog/
HTTP_REFERER=http://localhost/gitPractice1/PrograWebLastStand/Practicas/15_Practica/yii/demos/
---
2017/05/18 01:12:36 [error] [exception.CHttpException.404] exception 'CHttpException' with message 'Unable to resolve the request "Index.php/gii".' in C:\xampp\htdocs\gitPractice1\PrograWebLastStand\Practicas\15_Practica\yii\framework\web\CWebApplication.php:286
Stack trace:
#0 C:\xampp\htdocs\gitPractice1\PrograWebLastStand\Practicas\15_Practica\yii\framework\web\CWebApplication.php(141): CWebApplication->runController('Index.php/gii')
#1 C:\xampp\htdocs\gitPractice1\PrograWebLastStand\Practicas\15_Practica\yii\framework\base\CApplication.php(185): CWebApplication->processRequest()
#2 C:\xampp\htdocs\gitPractice1\PrograWebLastStand\Practicas\15_Practica\yii\demos\blog\index.php(11): CApplication->run()
#3 {main}
REQUEST_URI=/gitPractice1/PrograWebLastStand/Practicas/15_Practica/yii/demos/blog/Index.php/gii
---
2017/05/18 01:35:26 [error] [system.db.CDbCommand] CDbCommand::fetchAll() failed: SQLSTATE[42S02]: Base table or view not found: 1146 Table 'test.{{post}}' doesn't exist. The SQL statement executed was: SHOW FULL COLUMNS FROM `{{post}}`.
2017/05/18 01:35:26 [error] [exception.CDbException] exception 'CDbException' with message 'The table "{{post}}" for active record class "Post" cannot be found in the database.' in C:\xampp\htdocs\gitPractice1\PrograWebLastStand\Practicas\15_Practica\yii\framework\db\ar\CActiveRecord.php:2390
Stack trace:
#0 C:\xampp\htdocs\gitPractice1\PrograWebLastStand\Practicas\15_Practica\yii\framework\db\ar\CActiveRecord.php(413): CActiveRecordMetaData->__construct(Object(Post))
#1 C:\xampp\htdocs\gitPractice1\PrograWebLastStand\Practicas\15_Practica\yii\framework\db\ar\CActiveRecord.php(663): CActiveRecord->getMetaData()
#2 C:\xampp\htdocs\gitPractice1\PrograWebLastStand\Practicas\15_Practica\yii\framework\db\ar\CActiveFinder.php(393): CActiveRecord->getTableSchema()
#3 C:\xampp\htdocs\gitPractice1\PrograWebLastStand\Practicas\15_Practica\yii\framework\db\ar\CActiveFinder.php(47): CJoinElement->__construct(Object(CActiveFinder), Object(Post))
#4 C:\xampp\htdocs\gitPractice1\PrograWebLastStand\Practicas\15_Practica\yii\framework\db\ar\CActiveRecord.php(915): CActiveFinder->__construct(Object(Post), 'commentCount')
#5 C:\xampp\htdocs\gitPractice1\PrograWebLastStand\Practicas\15_Practica\yii\framework\db\ar\CActiveRecord.php(1612): CActiveRecord->getActiveFinder('commentCount')
#6 C:\xampp\htdocs\gitPractice1\PrograWebLastStand\Practicas\15_Practica\yii\framework\web\CActiveDataProvider.php(228): CActiveRecord->count(Object(CDbCriteria))
#7 C:\xampp\htdocs\gitPractice1\PrograWebLastStand\Practicas\15_Practica\yii\framework\web\CDataProvider.php(224): CActiveDataProvider->calculateTotalItemCount()
#8 C:\xampp\htdocs\gitPractice1\PrograWebLastStand\Practicas\15_Practica\yii\framework\web\CActiveDataProvider.php(178): CDataProvider->getTotalItemCount()
#9 C:\xampp\htdocs\gitPractice1\PrograWebLastStand\Practicas\15_Practica\yii\framework\web\CDataProvider.php(168): CActiveDataProvider->fetchData()
#10 C:\xampp\htdocs\gitPractice1\PrograWebLastStand\Practicas\15_Practica\yii\framework\zii\widgets\CBaseListView.php(125): CDataProvider->getData()
#11 C:\xampp\htdocs\gitPractice1\PrograWebLastStand\Practicas\15_Practica\yii\framework\zii\widgets\CListView.php(211): CBaseListView->init()
#12 C:\xampp\htdocs\gitPractice1\PrograWebLastStand\Practicas\15_Practica\yii\framework\web\CBaseController.php(147): CListView->init()
#13 C:\xampp\htdocs\gitPractice1\PrograWebLastStand\Practicas\15_Practica\yii\framework\web\CBaseController.php(181): CBaseController->createWidget('zii.widgets.CLi...', Array)
#14 C:\xampp\htdocs\gitPractice1\PrograWebLastStand\Practicas\15_Practica\yii\demos\blog\protected\views\post\index.php(9): CBaseController->widget('zii.widgets.CLi...', Array)
#15 C:\xampp\htdocs\gitPractice1\PrograWebLastStand\Practicas\15_Practica\yii\framework\web\CBaseController.php(126): require('C:\\xampp\\htdocs...')
#16 C:\xampp\htdocs\gitPractice1\PrograWebLastStand\Practicas\15_Practica\yii\framework\web\CBaseController.php(95): CBaseController->renderInternal('C:\\xampp\\htdocs...', Array, true)
#17 C:\xampp\htdocs\gitPractice1\PrograWebLastStand\Practicas\15_Practica\yii\framework\web\CController.php(872): CBaseController->renderFile('C:\\xampp\\htdocs...', Array, true)
#18 C:\xampp\htdocs\gitPractice1\PrograWebLastStand\Practicas\15_Practica\yii\framework\web\CController.php(785): CController->renderPartial('index', Array, true)
#19 C:\xampp\htdocs\gitPractice1\PrograWebLastStand\Practicas\15_Practica\yii\demos\blog\protected\controllers\PostController.php(136): CController->render('index', Array)
#20 C:\xampp\htdocs\gitPractice1\PrograWebLastStand\Practicas\15_Practica\yii\framework\web\actions\CInlineAction.php(49): PostController->actionIndex()
#21 C:\xampp\htdocs\gitPractice1\PrograWebLastStand\Practicas\15_Practica\yii\framework\web\CController.php(308): CInlineAction->runWithParams(Array)
#22 C:\xampp\htdocs\gitPractice1\PrograWebLastStand\Practicas\15_Practica\yii\framework\web\filters\CFilterChain.php(134): CController->runAction(Object(CInlineAction))
#23 C:\xampp\htdocs\gitPractice1\PrograWebLastStand\Practicas\15_Practica\yii\framework\web\filters\CFilter.php(40): CFilterChain->run()
#24 C:\xampp\htdocs\gitPractice1\PrograWebLastStand\Practicas\15_Practica\yii\framework\web\CController.php(1148): CFilter->filter(Object(CFilterChain))
#25 C:\xampp\htdocs\gitPractice1\PrograWebLastStand\Practicas\15_Practica\yii\framework\web\filters\CInlineFilter.php(58): CController->filterAccessControl(Object(CFilterChain))
#26 C:\xampp\htdocs\gitPractice1\PrograWebLastStand\Practicas\15_Practica\yii\framework\web\filters\CFilterChain.php(131): CInlineFilter->filter(Object(CFilterChain))
#27 C:\xampp\htdocs\gitPractice1\PrograWebLastStand\Practicas\15_Practica\yii\framework\web\CController.php(291): CFilterChain->run()
#28 C:\xampp\htdocs\gitPractice1\PrograWebLastStand\Practicas\15_Practica\yii\framework\web\CController.php(265): CController->runActionWithFilters(Object(CInlineAction), Array)
#29 C:\xampp\htdocs\gitPractice1\PrograWebLastStand\Practicas\15_Practica\yii\framework\web\CWebApplication.php(282): CController->run('')
#30 C:\xampp\htdocs\gitPractice1\PrograWebLastStand\Practicas\15_Practica\yii\framework\web\CWebApplication.php(141): CWebApplication->runController('')
#31 C:\xampp\htdocs\gitPractice1\PrograWebLastStand\Practicas\15_Practica\yii\framework\base\CApplication.php(185): CWebApplication->processRequest()
#32 C:\xampp\htdocs\gitPractice1\PrograWebLastStand\Practicas\15_Practica\yii\demos\blog\index.php(11): CApplication->run()
#33 {main}
REQUEST_URI=/gitPractice1/PrograWebLastStand/Practicas/15_Practica/yii/demos/blog/index.php
---
2017/05/18 01:35:49 [error] [system.db.CDbCommand] CDbCommand::fetchAll() failed: SQLSTATE[42S02]: Base table or view not found: 1146 Table 'test.{{tag}}' doesn't exist. The SQL statement executed was: SHOW FULL COLUMNS FROM `{{tag}}`.
2017/05/18 01:35:49 [error] [exception.CDbException] exception 'CDbException' with message 'The table "{{tag}}" for active record class "Tag" cannot be found in the database.' in C:\xampp\htdocs\gitPractice1\PrograWebLastStand\Practicas\15_Practica\yii\framework\db\ar\CActiveRecord.php:2390
Stack trace:
#0 C:\xampp\htdocs\gitPractice1\PrograWebLastStand\Practicas\15_Practica\yii\framework\db\ar\CActiveRecord.php(413): CActiveRecordMetaData->__construct(Object(Tag))
#1 C:\xampp\htdocs\gitPractice1\PrograWebLastStand\Practicas\15_Practica\yii\framework\db\ar\CActiveRecord.php(663): CActiveRecord->getMetaData()
#2 C:\xampp\htdocs\gitPractice1\PrograWebLastStand\Practicas\15_Practica\yii\framework\db\ar\CActiveRecord.php(1358): CActiveRecord->getTableSchema()
#3 C:\xampp\htdocs\gitPractice1\PrograWebLastStand\Practicas\15_Practica\yii\framework\db\ar\CActiveRecord.php(1478): CActiveRecord->query(Object(CDbCriteria), true)
#4 C:\xampp\htdocs\gitPractice1\PrograWebLastStand\Practicas\15_Practica\yii\demos\blog\protected\models\Tag.php(75): CActiveRecord->findAll(Array)
#5 C:\xampp\htdocs\gitPractice1\PrograWebLastStand\Practicas\15_Practica\yii\demos\blog\protected\components\TagCloud.php(12): Tag->findTagWeights(20)
#6 C:\xampp\htdocs\gitPractice1\PrograWebLastStand\Practicas\15_Practica\yii\framework\zii\widgets\CPortlet.php(97): TagCloud->renderContent()
#7 C:\xampp\htdocs\gitPractice1\PrograWebLastStand\Practicas\15_Practica\yii\framework\web\CBaseController.php(182): CPortlet->run()
#8 C:\xampp\htdocs\gitPractice1\PrograWebLastStand\Practicas\15_Practica\yii\demos\blog\protected\views\layouts\column2.php(14): CBaseController->widget('TagCloud', Array)
#9 C:\xampp\htdocs\gitPractice1\PrograWebLastStand\Practicas\15_Practica\yii\framework\web\CBaseController.php(126): require('C:\\xampp\\htdocs...')
#10 C:\xampp\htdocs\gitPractice1\PrograWebLastStand\Practicas\15_Practica\yii\framework\web\CBaseController.php(95): CBaseController->renderInternal('C:\\xampp\\htdocs...', Array, true)
#11 C:\xampp\htdocs\gitPractice1\PrograWebLastStand\Practicas\15_Practica\yii\framework\web\CController.php(787): CBaseController->renderFile('C:\\xampp\\htdocs...', Array, true)
#12 C:\xampp\htdocs\gitPractice1\PrograWebLastStand\Practicas\15_Practica\yii\demos\blog\protected\controllers\StudentController.php(128): CController->render('index', Array)
#13 C:\xampp\htdocs\gitPractice1\PrograWebLastStand\Practicas\15_Practica\yii\framework\web\actions\CInlineAction.php(49): StudentController->actionIndex()
#14 C:\xampp\htdocs\gitPractice1\PrograWebLastStand\Practicas\15_Practica\yii\framework\web\CController.php(308): CInlineAction->runWithParams(Array)
#15 C:\xampp\htdocs\gitPractice1\PrograWebLastStand\Practicas\15_Practica\yii\framework\web\filters\CFilterChain.php(134): CController->runAction(Object(CInlineAction))
#16 C:\xampp\htdocs\gitPractice1\PrograWebLastStand\Practicas\15_Practica\yii\framework\web\filters\CFilter.php(40): CFilterChain->run()
#17 C:\xampp\htdocs\gitPractice1\PrograWebLastStand\Practicas\15_Practica\yii\framework\web\CController.php(1148): CFilter->filter(Object(CFilterChain))
#18 C:\xampp\htdocs\gitPractice1\PrograWebLastStand\Practicas\15_Practica\yii\framework\web\filters\CInlineFilter.php(58): CController->filterAccessControl(Object(CFilterChain))
#19 C:\xampp\htdocs\gitPractice1\PrograWebLastStand\Practicas\15_Practica\yii\framework\web\filters\CFilterChain.php(131): CInlineFilter->filter(Object(CFilterChain))
#20 C:\xampp\htdocs\gitPractice1\PrograWebLastStand\Practicas\15_Practica\yii\framework\web\CController.php(291): CFilterChain->run()
#21 C:\xampp\htdocs\gitPractice1\PrograWebLastStand\Practicas\15_Practica\yii\framework\web\CController.php(265): CController->runActionWithFilters(Object(CInlineAction), Array)
#22 C:\xampp\htdocs\gitPractice1\PrograWebLastStand\Practicas\15_Practica\yii\framework\web\CWebApplication.php(282): CController->run('')
#23 C:\xampp\htdocs\gitPractice1\PrograWebLastStand\Practicas\15_Practica\yii\framework\web\CWebApplication.php(141): CWebApplication->runController('Student')
#24 C:\xampp\htdocs\gitPractice1\PrograWebLastStand\Practicas\15_Practica\yii\framework\base\CApplication.php(185): CWebApplication->processRequest()
#25 C:\xampp\htdocs\gitPractice1\PrograWebLastStand\Practicas\15_Practica\yii\demos\blog\index.php(11): CApplication->run()
#26 {main}
REQUEST_URI=/gitPractice1/PrograWebLastStand/Practicas/15_Practica/yii/demos/blog/index.php/Student
---
2017/05/18 01:36:05 [error] [system.db.CDbCommand] CDbCommand::fetchAll() failed: SQLSTATE[42S02]: Base table or view not found: 1146 Table 'test.{{post}}' doesn't exist. The SQL statement executed was: SHOW FULL COLUMNS FROM `{{post}}`.
2017/05/18 01:36:05 [error] [exception.CDbException] exception 'CDbException' with message 'The table "{{post}}" for active record class "Post" cannot be found in the database.' in C:\xampp\htdocs\gitPractice1\PrograWebLastStand\Practicas\15_Practica\yii\framework\db\ar\CActiveRecord.php:2390
Stack trace:
#0 C:\xampp\htdocs\gitPractice1\PrograWebLastStand\Practicas\15_Practica\yii\framework\db\ar\CActiveRecord.php(413): CActiveRecordMetaData->__construct(Object(Post))
#1 C:\xampp\htdocs\gitPractice1\PrograWebLastStand\Practicas\15_Practica\yii\framework\db\ar\CActiveRecord.php(663): CActiveRecord->getMetaData()
#2 C:\xampp\htdocs\gitPractice1\PrograWebLastStand\Practicas\15_Practica\yii\framework\db\ar\CActiveFinder.php(393): CActiveRecord->getTableSchema()
#3 C:\xampp\htdocs\gitPractice1\PrograWebLastStand\Practicas\15_Practica\yii\framework\db\ar\CActiveFinder.php(47): CJoinElement->__construct(Object(CActiveFinder), Object(Post))
#4 C:\xampp\htdocs\gitPractice1\PrograWebLastStand\Practicas\15_Practica\yii\framework\db\ar\CActiveRecord.php(915): CActiveFinder->__construct(Object(Post), 'commentCount')
#5 C:\xampp\htdocs\gitPractice1\PrograWebLastStand\Practicas\15_Practica\yii\framework\db\ar\CActiveRecord.php(1612): CActiveRecord->getActiveFinder('commentCount')
#6 C:\xampp\htdocs\gitPractice1\PrograWebLastStand\Practicas\15_Practica\yii\framework\web\CActiveDataProvider.php(228): CActiveRecord->count(Object(CDbCriteria))
#7 C:\xampp\htdocs\gitPractice1\PrograWebLastStand\Practicas\15_Practica\yii\framework\web\CDataProvider.php(224): CActiveDataProvider->calculateTotalItemCount()
#8 C:\xampp\htdocs\gitPractice1\PrograWebLastStand\Practicas\15_Practica\yii\framework\web\CActiveDataProvider.php(178): CDataProvider->getTotalItemCount()
#9 C:\xampp\htdocs\gitPractice1\PrograWebLastStand\Practicas\15_Practica\yii\framework\web\CDataProvider.php(168): CActiveDataProvider->fetchData()
#10 C:\xampp\htdocs\gitPractice1\PrograWebLastStand\Practicas\15_Practica\yii\framework\zii\widgets\CBaseListView.php(125): CDataProvider->getData()
#11 C:\xampp\htdocs\gitPractice1\PrograWebLastStand\Practicas\15_Practica\yii\framework\zii\widgets\CListView.php(211): CBaseListView->init()
#12 C:\xampp\htdocs\gitPractice1\PrograWebLastStand\Practicas\15_Practica\yii\framework\web\CBaseController.php(147): CListView->init()
#13 C:\xampp\htdocs\gitPractice1\PrograWebLastStand\Practicas\15_Practica\yii\framework\web\CBaseController.php(181): CBaseController->createWidget('zii.widgets.CLi...', Array)
#14 C:\xampp\htdocs\gitPractice1\PrograWebLastStand\Practicas\15_Practica\yii\demos\blog\protected\views\post\index.php(9): CBaseController->widget('zii.widgets.CLi...', Array)
#15 C:\xampp\htdocs\gitPractice1\PrograWebLastStand\Practicas\15_Practica\yii\framework\web\CBaseController.php(126): require('C:\\xampp\\htdocs...')
#16 C:\xampp\htdocs\gitPractice1\PrograWebLastStand\Practicas\15_Practica\yii\framework\web\CBaseController.php(95): CBaseController->renderInternal('C:\\xampp\\htdocs...', Array, true)
#17 C:\xampp\htdocs\gitPractice1\PrograWebLastStand\Practicas\15_Practica\yii\framework\web\CController.php(872): CBaseController->renderFile('C:\\xampp\\htdocs...', Array, true)
#18 C:\xampp\htdocs\gitPractice1\PrograWebLastStand\Practicas\15_Practica\yii\framework\web\CController.php(785): CController->renderPartial('index', Array, true)
#19 C:\xampp\htdocs\gitPractice1\PrograWebLastStand\Practicas\15_Practica\yii\demos\blog\protected\controllers\PostController.php(136): CController->render('index', Array)
#20 C:\xampp\htdocs\gitPractice1\PrograWebLastStand\Practicas\15_Practica\yii\framework\web\actions\CInlineAction.php(49): PostController->actionIndex()
#21 C:\xampp\htdocs\gitPractice1\PrograWebLastStand\Practicas\15_Practica\yii\framework\web\CController.php(308): CInlineAction->runWithParams(Array)
#22 C:\xampp\htdocs\gitPractice1\PrograWebLastStand\Practicas\15_Practica\yii\framework\web\filters\CFilterChain.php(134): CController->runAction(Object(CInlineAction))
#23 C:\xampp\htdocs\gitPractice1\PrograWebLastStand\Practicas\15_Practica\yii\framework\web\filters\CFilter.php(40): CFilterChain->run()
#24 C:\xampp\htdocs\gitPractice1\PrograWebLastStand\Practicas\15_Practica\yii\framework\web\CController.php(1148): CFilter->filter(Object(CFilterChain))
#25 C:\xampp\htdocs\gitPractice1\PrograWebLastStand\Practicas\15_Practica\yii\framework\web\filters\CInlineFilter.php(58): CController->filterAccessControl(Object(CFilterChain))
#26 C:\xampp\htdocs\gitPractice1\PrograWebLastStand\Practicas\15_Practica\yii\framework\web\filters\CFilterChain.php(131): CInlineFilter->filter(Object(CFilterChain))
#27 C:\xampp\htdocs\gitPractice1\PrograWebLastStand\Practicas\15_Practica\yii\framework\web\CController.php(291): CFilterChain->run()
#28 C:\xampp\htdocs\gitPractice1\PrograWebLastStand\Practicas\15_Practica\yii\framework\web\CController.php(265): CController->runActionWithFilters(Object(CInlineAction), Array)
#29 C:\xampp\htdocs\gitPractice1\PrograWebLastStand\Practicas\15_Practica\yii\framework\web\CWebApplication.php(282): CController->run('index')
#30 C:\xampp\htdocs\gitPractice1\PrograWebLastStand\Practicas\15_Practica\yii\framework\web\CWebApplication.php(141): CWebApplication->runController('post/index')
#31 C:\xampp\htdocs\gitPractice1\PrograWebLastStand\Practicas\15_Practica\yii\framework\base\CApplication.php(185): CWebApplication->processRequest()
#32 C:\xampp\htdocs\gitPractice1\PrograWebLastStand\Practicas\15_Practica\yii\demos\blog\index.php(11): CApplication->run()
#33 {main}
REQUEST_URI=/gitPractice1/PrograWebLastStand/Practicas/15_Practica/yii/demos/blog/index.php/post/index
HTTP_REFERER=http://localhost/gitPractice1/PrograWebLastStand/Practicas/15_Practica/yii/demos/blog/index.php/Student
---
2017/05/18 01:36:14 [error] [system.db.CDbCommand] CDbCommand::fetchAll() failed: SQLSTATE[42S02]: Base table or view not found: 1146 Table 'test.{{post}}' doesn't exist. The SQL statement executed was: SHOW FULL COLUMNS FROM `{{post}}`.
2017/05/18 01:36:14 [error] [exception.CDbException] exception 'CDbException' with message 'The table "{{post}}" for active record class "Post" cannot be found in the database.' in C:\xampp\htdocs\gitPractice1\PrograWebLastStand\Practicas\15_Practica\yii\framework\db\ar\CActiveRecord.php:2390
Stack trace:
#0 C:\xampp\htdocs\gitPractice1\PrograWebLastStand\Practicas\15_Practica\yii\framework\db\ar\CActiveRecord.php(413): CActiveRecordMetaData->__construct(Object(Post))
#1 C:\xampp\htdocs\gitPractice1\PrograWebLastStand\Practicas\15_Practica\yii\framework\db\ar\CActiveRecord.php(663): CActiveRecord->getMetaData()
#2 C:\xampp\htdocs\gitPractice1\PrograWebLastStand\Practicas\15_Practica\yii\framework\db\ar\CActiveFinder.php(393): CActiveRecord->getTableSchema()
#3 C:\xampp\htdocs\gitPractice1\PrograWebLastStand\Practicas\15_Practica\yii\framework\db\ar\CActiveFinder.php(47): CJoinElement->__construct(Object(CActiveFinder), Object(Post))
#4 C:\xampp\htdocs\gitPractice1\PrograWebLastStand\Practicas\15_Practica\yii\framework\db\ar\CActiveRecord.php(915): CActiveFinder->__construct(Object(Post), 'commentCount')
#5 C:\xampp\htdocs\gitPractice1\PrograWebLastStand\Practicas\15_Practica\yii\framework\db\ar\CActiveRecord.php(1612): CActiveRecord->getActiveFinder('commentCount')
#6 C:\xampp\htdocs\gitPractice1\PrograWebLastStand\Practicas\15_Practica\yii\framework\web\CActiveDataProvider.php(228): CActiveRecord->count(Object(CDbCriteria))
#7 C:\xampp\htdocs\gitPractice1\PrograWebLastStand\Practicas\15_Practica\yii\framework\web\CDataProvider.php(224): CActiveDataProvider->calculateTotalItemCount()
#8 C:\xampp\htdocs\gitPractice1\PrograWebLastStand\Practicas\15_Practica\yii\framework\web\CActiveDataProvider.php(178): CDataProvider->getTotalItemCount()
#9 C:\xampp\htdocs\gitPractice1\PrograWebLastStand\Practicas\15_Practica\yii\framework\web\CDataProvider.php(168): CActiveDataProvider->fetchData()
#10 C:\xampp\htdocs\gitPractice1\PrograWebLastStand\Practicas\15_Practica\yii\framework\zii\widgets\CBaseListView.php(125): CDataProvider->getData()
#11 C:\xampp\htdocs\gitPractice1\PrograWebLastStand\Practicas\15_Practica\yii\framework\zii\widgets\CListView.php(211): CBaseListView->init()
#12 C:\xampp\htdocs\gitPractice1\PrograWebLastStand\Practicas\15_Practica\yii\framework\web\CBaseController.php(147): CListView->init()
#13 C:\xampp\htdocs\gitPractice1\PrograWebLastStand\Practicas\15_Practica\yii\framework\web\CBaseController.php(181): CBaseController->createWidget('zii.widgets.CLi...', Array)
#14 C:\xampp\htdocs\gitPractice1\PrograWebLastStand\Practicas\15_Practica\yii\demos\blog\protected\views\post\index.php(9): CBaseController->widget('zii.widgets.CLi...', Array)
#15 C:\xampp\htdocs\gitPractice1\PrograWebLastStand\Practicas\15_Practica\yii\framework\web\CBaseController.php(126): require('C:\\xampp\\htdocs...')
#16 C:\xampp\htdocs\gitPractice1\PrograWebLastStand\Practicas\15_Practica\yii\framework\web\CBaseController.php(95): CBaseController->renderInternal('C:\\xampp\\htdocs...', Array, true)
#17 C:\xampp\htdocs\gitPractice1\PrograWebLastStand\Practicas\15_Practica\yii\framework\web\CController.php(872): CBaseController->renderFile('C:\\xampp\\htdocs...', Array, true)
#18 C:\xampp\htdocs\gitPractice1\PrograWebLastStand\Practicas\15_Practica\yii\framework\web\CController.php(785): CController->renderPartial('index', Array, true)
#19 C:\xampp\htdocs\gitPractice1\PrograWebLastStand\Practicas\15_Practica\yii\demos\blog\protected\controllers\PostController.php(136): CController->render('index', Array)
#20 C:\xampp\htdocs\gitPractice1\PrograWebLastStand\Practicas\15_Practica\yii\framework\web\actions\CInlineAction.php(49): PostController->actionIndex()
#21 C:\xampp\htdocs\gitPractice1\PrograWebLastStand\Practicas\15_Practica\yii\framework\web\CController.php(308): CInlineAction->runWithParams(Array)
#22 C:\xampp\htdocs\gitPractice1\PrograWebLastStand\Practicas\15_Practica\yii\framework\web\filters\CFilterChain.php(134): CController->runAction(Object(CInlineAction))
#23 C:\xampp\htdocs\gitPractice1\PrograWebLastStand\Practicas\15_Practica\yii\framework\web\filters\CFilter.php(40): CFilterChain->run()
#24 C:\xampp\htdocs\gitPractice1\PrograWebLastStand\Practicas\15_Practica\yii\framework\web\CController.php(1148): CFilter->filter(Object(CFilterChain))
#25 C:\xampp\htdocs\gitPractice1\PrograWebLastStand\Practicas\15_Practica\yii\framework\web\filters\CInlineFilter.php(58): CController->filterAccessControl(Object(CFilterChain))
#26 C:\xampp\htdocs\gitPractice1\PrograWebLastStand\Practicas\15_Practica\yii\framework\web\filters\CFilterChain.php(131): CInlineFilter->filter(Object(CFilterChain))
#27 C:\xampp\htdocs\gitPractice1\PrograWebLastStand\Practicas\15_Practica\yii\framework\web\CController.php(291): CFilterChain->run()
#28 C:\xampp\htdocs\gitPractice1\PrograWebLastStand\Practicas\15_Practica\yii\framework\web\CController.php(265): CController->runActionWithFilters(Object(CInlineAction), Array)
#29 C:\xampp\htdocs\gitPractice1\PrograWebLastStand\Practicas\15_Practica\yii\framework\web\CWebApplication.php(282): CController->run('index')
#30 C:\xampp\htdocs\gitPractice1\PrograWebLastStand\Practicas\15_Practica\yii\framework\web\CWebApplication.php(141): CWebApplication->runController('post/index')
#31 C:\xampp\htdocs\gitPractice1\PrograWebLastStand\Practicas\15_Practica\yii\framework\base\CApplication.php(185): CWebApplication->processRequest()
#32 C:\xampp\htdocs\gitPractice1\PrograWebLastStand\Practicas\15_Practica\yii\demos\blog\index.php(11): CApplication->run()
#33 {main}
REQUEST_URI=/gitPractice1/PrograWebLastStand/Practicas/15_Practica/yii/demos/blog/index.php/post/index
HTTP_REFERER=http://localhost/gitPractice1/PrograWebLastStand/Practicas/15_Practica/yii/demos/blog/index.php/site/login
---
2017/05/18 01:39:13 [error] [system.db.CDbCommand] CDbCommand::fetchAll() failed: SQLSTATE[42S02]: Base table or view not found: 1146 Table 'test.{{post}}' doesn't exist. The SQL statement executed was: SHOW FULL COLUMNS FROM `{{post}}`.
2017/05/18 01:39:13 [error] [exception.CDbException] exception 'CDbException' with message 'The table "{{post}}" for active record class "Post" cannot be found in the database.' in C:\xampp\htdocs\gitPractice1\PrograWebLastStand\Practicas\15_Practica\yii\framework\db\ar\CActiveRecord.php:2390
Stack trace:
#0 C:\xampp\htdocs\gitPractice1\PrograWebLastStand\Practicas\15_Practica\yii\framework\db\ar\CActiveRecord.php(413): CActiveRecordMetaData->__construct(Object(Post))
#1 C:\xampp\htdocs\gitPractice1\PrograWebLastStand\Practicas\15_Practica\yii\framework\db\ar\CActiveRecord.php(663): CActiveRecord->getMetaData()
#2 C:\xampp\htdocs\gitPractice1\PrograWebLastStand\Practicas\15_Practica\yii\framework\db\ar\CActiveFinder.php(393): CActiveRecord->getTableSchema()
#3 C:\xampp\htdocs\gitPractice1\PrograWebLastStand\Practicas\15_Practica\yii\framework\db\ar\CActiveFinder.php(47): CJoinElement->__construct(Object(CActiveFinder), Object(Post))
#4 C:\xampp\htdocs\gitPractice1\PrograWebLastStand\Practicas\15_Practica\yii\framework\db\ar\CActiveRecord.php(915): CActiveFinder->__construct(Object(Post), 'commentCount')
#5 C:\xampp\htdocs\gitPractice1\PrograWebLastStand\Practicas\15_Practica\yii\framework\db\ar\CActiveRecord.php(1612): CActiveRecord->getActiveFinder('commentCount')
#6 C:\xampp\htdocs\gitPractice1\PrograWebLastStand\Practicas\15_Practica\yii\framework\web\CActiveDataProvider.php(228): CActiveRecord->count(Object(CDbCriteria))
#7 C:\xampp\htdocs\gitPractice1\PrograWebLastStand\Practicas\15_Practica\yii\framework\web\CDataProvider.php(224): CActiveDataProvider->calculateTotalItemCount()
#8 C:\xampp\htdocs\gitPractice1\PrograWebLastStand\Practicas\15_Practica\yii\framework\web\CActiveDataProvider.php(178): CDataProvider->getTotalItemCount()
#9 C:\xampp\htdocs\gitPractice1\PrograWebLastStand\Practicas\15_Practica\yii\framework\web\CDataProvider.php(168): CActiveDataProvider->fetchData()
#10 C:\xampp\htdocs\gitPractice1\PrograWebLastStand\Practicas\15_Practica\yii\framework\zii\widgets\CBaseListView.php(125): CDataProvider->getData()
#11 C:\xampp\htdocs\gitPractice1\PrograWebLastStand\Practicas\15_Practica\yii\framework\zii\widgets\CListView.php(211): CBaseListView->init()
#12 C:\xampp\htdocs\gitPractice1\PrograWebLastStand\Practicas\15_Practica\yii\framework\web\CBaseController.php(147): CListView->init()
#13 C:\xampp\htdocs\gitPractice1\PrograWebLastStand\Practicas\15_Practica\yii\framework\web\CBaseController.php(181): CBaseController->createWidget('zii.widgets.CLi...', Array)
#14 C:\xampp\htdocs\gitPractice1\PrograWebLastStand\Practicas\15_Practica\yii\demos\blog\protected\views\post\index.php(9): CBaseController->widget('zii.widgets.CLi...', Array)
#15 C:\xampp\htdocs\gitPractice1\PrograWebLastStand\Practicas\15_Practica\yii\framework\web\CBaseController.php(126): require('C:\\xampp\\htdocs...')
#16 C:\xampp\htdocs\gitPractice1\PrograWebLastStand\Practicas\15_Practica\yii\framework\web\CBaseController.php(95): CBaseController->renderInternal('C:\\xampp\\htdocs...', Array, true)
#17 C:\xampp\htdocs\gitPractice1\PrograWebLastStand\Practicas\15_Practica\yii\framework\web\CController.php(872): CBaseController->renderFile('C:\\xampp\\htdocs...', Array, true)
#18 C:\xampp\htdocs\gitPractice1\PrograWebLastStand\Practicas\15_Practica\yii\framework\web\CController.php(785): CController->renderPartial('index', Array, true)
#19 C:\xampp\htdocs\gitPractice1\PrograWebLastStand\Practicas\15_Practica\yii\demos\blog\protected\controllers\PostController.php(136): CController->render('index', Array)
#20 C:\xampp\htdocs\gitPractice1\PrograWebLastStand\Practicas\15_Practica\yii\framework\web\actions\CInlineAction.php(49): PostController->actionIndex()
#21 C:\xampp\htdocs\gitPractice1\PrograWebLastStand\Practicas\15_Practica\yii\framework\web\CController.php(308): CInlineAction->runWithParams(Array)
#22 C:\xampp\htdocs\gitPractice1\PrograWebLastStand\Practicas\15_Practica\yii\framework\web\filters\CFilterChain.php(134): CController->runAction(Object(CInlineAction))
#23 C:\xampp\htdocs\gitPractice1\PrograWebLastStand\Practicas\15_Practica\yii\framework\web\filters\CFilter.php(40): CFilterChain->run()
#24 C:\xampp\htdocs\gitPractice1\PrograWebLastStand\Practicas\15_Practica\yii\framework\web\CController.php(1148): CFilter->filter(Object(CFilterChain))
#25 C:\xampp\htdocs\gitPractice1\PrograWebLastStand\Practicas\15_Practica\yii\framework\web\filters\CInlineFilter.php(58): CController->filterAccessControl(Object(CFilterChain))
#26 C:\xampp\htdocs\gitPractice1\PrograWebLastStand\Practicas\15_Practica\yii\framework\web\filters\CFilterChain.php(131): CInlineFilter->filter(Object(CFilterChain))
#27 C:\xampp\htdocs\gitPractice1\PrograWebLastStand\Practicas\15_Practica\yii\framework\web\CController.php(291): CFilterChain->run()
#28 C:\xampp\htdocs\gitPractice1\PrograWebLastStand\Practicas\15_Practica\yii\framework\web\CController.php(265): CController->runActionWithFilters(Object(CInlineAction), Array)
#29 C:\xampp\htdocs\gitPractice1\PrograWebLastStand\Practicas\15_Practica\yii\framework\web\CWebApplication.php(282): CController->run('index')
#30 C:\xampp\htdocs\gitPractice1\PrograWebLastStand\Practicas\15_Practica\yii\framework\web\CWebApplication.php(141): CWebApplication->runController('post/index')
#31 C:\xampp\htdocs\gitPractice1\PrograWebLastStand\Practicas\15_Practica\yii\framework\base\CApplication.php(185): CWebApplication->processRequest()
#32 C:\xampp\htdocs\gitPractice1\PrograWebLastStand\Practicas\15_Practica\yii\demos\blog\index.php(11): CApplication->run()
#33 {main}
REQUEST_URI=/gitPractice1/PrograWebLastStand/Practicas/15_Practica/yii/demos/blog/index.php/post/index
HTTP_REFERER=http://localhost/gitPractice1/PrograWebLastStand/Practicas/15_Practica/yii/demos/blog/index.php/post/index
---
2017/05/18 01:39:28 [error] [system.db.CDbCommand] CDbCommand::fetchAll() failed: SQLSTATE[42S02]: Base table or view not found: 1146 Table 'test.{{tag}}' doesn't exist. The SQL statement executed was: SHOW FULL COLUMNS FROM `{{tag}}`.
2017/05/18 01:39:28 [error] [exception.CDbException] exception 'CDbException' with message 'The table "{{tag}}" for active record class "Tag" cannot be found in the database.' in C:\xampp\htdocs\gitPractice1\PrograWebLastStand\Practicas\15_Practica\yii\framework\db\ar\CActiveRecord.php:2390
Stack trace:
#0 C:\xampp\htdocs\gitPractice1\PrograWebLastStand\Practicas\15_Practica\yii\framework\db\ar\CActiveRecord.php(413): CActiveRecordMetaData->__construct(Object(Tag))
#1 C:\xampp\htdocs\gitPractice1\PrograWebLastStand\Practicas\15_Practica\yii\framework\db\ar\CActiveRecord.php(663): CActiveRecord->getMetaData()
#2 C:\xampp\htdocs\gitPractice1\PrograWebLastStand\Practicas\15_Practica\yii\framework\db\ar\CActiveRecord.php(1358): CActiveRecord->getTableSchema()
#3 C:\xampp\htdocs\gitPractice1\PrograWebLastStand\Practicas\15_Practica\yii\framework\db\ar\CActiveRecord.php(1478): CActiveRecord->query(Object(CDbCriteria), true)
#4 C:\xampp\htdocs\gitPractice1\PrograWebLastStand\Practicas\15_Practica\yii\demos\blog\protected\models\Tag.php(75): CActiveRecord->findAll(Array)
#5 C:\xampp\htdocs\gitPractice1\PrograWebLastStand\Practicas\15_Practica\yii\demos\blog\protected\components\TagCloud.php(12): Tag->findTagWeights(20)
#6 C:\xampp\htdocs\gitPractice1\PrograWebLastStand\Practicas\15_Practica\yii\framework\zii\widgets\CPortlet.php(97): TagCloud->renderContent()
#7 C:\xampp\htdocs\gitPractice1\PrograWebLastStand\Practicas\15_Practica\yii\framework\web\CBaseController.php(182): CPortlet->run()
#8 C:\xampp\htdocs\gitPractice1\PrograWebLastStand\Practicas\15_Practica\yii\demos\blog\protected\views\layouts\column2.php(14): CBaseController->widget('TagCloud', Array)
#9 C:\xampp\htdocs\gitPractice1\PrograWebLastStand\Practicas\15_Practica\yii\framework\web\CBaseController.php(126): require('C:\\xampp\\htdocs...')
#10 C:\xampp\htdocs\gitPractice1\PrograWebLastStand\Practicas\15_Practica\yii\framework\web\CBaseController.php(95): CBaseController->renderInternal('C:\\xampp\\htdocs...', Array, true)
#11 C:\xampp\htdocs\gitPractice1\PrograWebLastStand\Practicas\15_Practica\yii\framework\web\CController.php(787): CBaseController->renderFile('C:\\xampp\\htdocs...', Array, true)
#12 C:\xampp\htdocs\gitPractice1\PrograWebLastStand\Practicas\15_Practica\yii\demos\blog\protected\controllers\StudentController.php(128): CController->render('index', Array)
#13 C:\xampp\htdocs\gitPractice1\PrograWebLastStand\Practicas\15_Practica\yii\framework\web\actions\CInlineAction.php(49): StudentController->actionIndex()
#14 C:\xampp\htdocs\gitPractice1\PrograWebLastStand\Practicas\15_Practica\yii\framework\web\CController.php(308): CInlineAction->runWithParams(Array)
#15 C:\xampp\htdocs\gitPractice1\PrograWebLastStand\Practicas\15_Practica\yii\framework\web\filters\CFilterChain.php(134): CController->runAction(Object(CInlineAction))
#16 C:\xampp\htdocs\gitPractice1\PrograWebLastStand\Practicas\15_Practica\yii\framework\web\filters\CFilter.php(40): CFilterChain->run()
#17 C:\xampp\htdocs\gitPractice1\PrograWebLastStand\Practicas\15_Practica\yii\framework\web\CController.php(1148): CFilter->filter(Object(CFilterChain))
#18 C:\xampp\htdocs\gitPractice1\PrograWebLastStand\Practicas\15_Practica\yii\framework\web\filters\CInlineFilter.php(58): CController->filterAccessControl(Object(CFilterChain))
#19 C:\xampp\htdocs\gitPractice1\PrograWebLastStand\Practicas\15_Practica\yii\framework\web\filters\CFilterChain.php(131): CInlineFilter->filter(Object(CFilterChain))
#20 C:\xampp\htdocs\gitPractice1\PrograWebLastStand\Practicas\15_Practica\yii\framework\web\CController.php(291): CFilterChain->run()
#21 C:\xampp\htdocs\gitPractice1\PrograWebLastStand\Practicas\15_Practica\yii\framework\web\CController.php(265): CController->runActionWithFilters(Object(CInlineAction), Array)
#22 C:\xampp\htdocs\gitPractice1\PrograWebLastStand\Practicas\15_Practica\yii\framework\web\CWebApplication.php(282): CController->run('')
#23 C:\xampp\htdocs\gitPractice1\PrograWebLastStand\Practicas\15_Practica\yii\framework\web\CWebApplication.php(141): CWebApplication->runController('Student')
#24 C:\xampp\htdocs\gitPractice1\PrograWebLastStand\Practicas\15_Practica\yii\framework\base\CApplication.php(185): CWebApplication->processRequest()
#25 C:\xampp\htdocs\gitPractice1\PrograWebLastStand\Practicas\15_Practica\yii\demos\blog\index.php(11): CApplication->run()
#26 {main}
REQUEST_URI=/gitPractice1/PrograWebLastStand/Practicas/15_Practica/yii/demos/blog/index.php/Student
---
2017/05/18 01:40:04 [error] [system.db.CDbCommand] CDbCommand::fetchAll() failed: SQLSTATE[42S02]: Base table or view not found: 1146 Table 'test.{{tag}}' doesn't exist. The SQL statement executed was: SHOW FULL COLUMNS FROM `{{tag}}`.
2017/05/18 01:40:04 [error] [exception.CDbException] exception 'CDbException' with message 'The table "{{tag}}" for active record class "Tag" cannot be found in the database.' in C:\xampp\htdocs\gitPractice1\PrograWebLastStand\Practicas\15_Practica\yii\framework\db\ar\CActiveRecord.php:2390
Stack trace:
#0 C:\xampp\htdocs\gitPractice1\PrograWebLastStand\Practicas\15_Practica\yii\framework\db\ar\CActiveRecord.php(413): CActiveRecordMetaData->__construct(Object(Tag))
#1 C:\xampp\htdocs\gitPractice1\PrograWebLastStand\Practicas\15_Practica\yii\framework\db\ar\CActiveRecord.php(663): CActiveRecord->getMetaData()
#2 C:\xampp\htdocs\gitPractice1\PrograWebLastStand\Practicas\15_Practica\yii\framework\db\ar\CActiveRecord.php(1358): CActiveRecord->getTableSchema()
#3 C:\xampp\htdocs\gitPractice1\PrograWebLastStand\Practicas\15_Practica\yii\framework\db\ar\CActiveRecord.php(1478): CActiveRecord->query(Object(CDbCriteria), true)
#4 C:\xampp\htdocs\gitPractice1\PrograWebLastStand\Practicas\15_Practica\yii\demos\blog\protected\models\Tag.php(75): CActiveRecord->findAll(Array)
#5 C:\xampp\htdocs\gitPractice1\PrograWebLastStand\Practicas\15_Practica\yii\demos\blog\protected\components\TagCloud.php(12): Tag->findTagWeights(20)
#6 C:\xampp\htdocs\gitPractice1\PrograWebLastStand\Practicas\15_Practica\yii\framework\zii\widgets\CPortlet.php(97): TagCloud->renderContent()
#7 C:\xampp\htdocs\gitPractice1\PrograWebLastStand\Practicas\15_Practica\yii\framework\web\CBaseController.php(182): CPortlet->run()
#8 C:\xampp\htdocs\gitPractice1\PrograWebLastStand\Practicas\15_Practica\yii\demos\blog\protected\views\layouts\column2.php(14): CBaseController->widget('TagCloud', Array)
#9 C:\xampp\htdocs\gitPractice1\PrograWebLastStand\Practicas\15_Practica\yii\framework\web\CBaseController.php(126): require('C:\\xampp\\htdocs...')
#10 C:\xampp\htdocs\gitPractice1\PrograWebLastStand\Practicas\15_Practica\yii\framework\web\CBaseController.php(95): CBaseController->renderInternal('C:\\xampp\\htdocs...', Array, true)
#11 C:\xampp\htdocs\gitPractice1\PrograWebLastStand\Practicas\15_Practica\yii\framework\web\CController.php(787): CBaseController->renderFile('C:\\xampp\\htdocs...', Array, true)
#12 C:\xampp\htdocs\gitPractice1\PrograWebLastStand\Practicas\15_Practica\yii\demos\blog\protected\controllers\StudentController.php(128): CController->render('index', Array)
#13 C:\xampp\htdocs\gitPractice1\PrograWebLastStand\Practicas\15_Practica\yii\framework\web\actions\CInlineAction.php(49): StudentController->actionIndex()
#14 C:\xampp\htdocs\gitPractice1\PrograWebLastStand\Practicas\15_Practica\yii\framework\web\CController.php(308): CInlineAction->runWithParams(Array)
#15 C:\xampp\htdocs\gitPractice1\PrograWebLastStand\Practicas\15_Practica\yii\framework\web\filters\CFilterChain.php(134): CController->runAction(Object(CInlineAction))
#16 C:\xampp\htdocs\gitPractice1\PrograWebLastStand\Practicas\15_Practica\yii\framework\web\filters\CFilter.php(40): CFilterChain->run()
#17 C:\xampp\htdocs\gitPractice1\PrograWebLastStand\Practicas\15_Practica\yii\framework\web\CController.php(1148): CFilter->filter(Object(CFilterChain))
#18 C:\xampp\htdocs\gitPractice1\PrograWebLastStand\Practicas\15_Practica\yii\framework\web\filters\CInlineFilter.php(58): CController->filterAccessControl(Object(CFilterChain))
#19 C:\xampp\htdocs\gitPractice1\PrograWebLastStand\Practicas\15_Practica\yii\framework\web\filters\CFilterChain.php(131): CInlineFilter->filter(Object(CFilterChain))
#20 C:\xampp\htdocs\gitPractice1\PrograWebLastStand\Practicas\15_Practica\yii\framework\web\CController.php(291): CFilterChain->run()
#21 C:\xampp\htdocs\gitPractice1\PrograWebLastStand\Practicas\15_Practica\yii\framework\web\CController.php(265): CController->runActionWithFilters(Object(CInlineAction), Array)
#22 C:\xampp\htdocs\gitPractice1\PrograWebLastStand\Practicas\15_Practica\yii\framework\web\CWebApplication.php(282): CController->run('')
#23 C:\xampp\htdocs\gitPractice1\PrograWebLastStand\Practicas\15_Practica\yii\framework\web\CWebApplication.php(141): CWebApplication->runController('Student')
#24 C:\xampp\htdocs\gitPractice1\PrograWebLastStand\Practicas\15_Practica\yii\framework\base\CApplication.php(185): CWebApplication->processRequest()
#25 C:\xampp\htdocs\gitPractice1\PrograWebLastStand\Practicas\15_Practica\yii\demos\blog\index.php(11): CApplication->run()
#26 {main}
REQUEST_URI=/gitPractice1/PrograWebLastStand/Practicas/15_Practica/yii/demos/blog/index.php/Student
---
2017/05/18 01:40:10 [error] [system.db.CDbCommand] CDbCommand::fetchAll() failed: SQLSTATE[42S02]: Base table or view not found: 1146 Table 'test.{{tag}}' doesn't exist. The SQL statement executed was: SHOW FULL COLUMNS FROM `{{tag}}`.
2017/05/18 01:40:10 [error] [exception.CDbException] exception 'CDbException' with message 'The table "{{tag}}" for active record class "Tag" cannot be found in the database.' in C:\xampp\htdocs\gitPractice1\PrograWebLastStand\Practicas\15_Practica\yii\framework\db\ar\CActiveRecord.php:2390
Stack trace:
#0 C:\xampp\htdocs\gitPractice1\PrograWebLastStand\Practicas\15_Practica\yii\framework\db\ar\CActiveRecord.php(413): CActiveRecordMetaData->__construct(Object(Tag))
#1 C:\xampp\htdocs\gitPractice1\PrograWebLastStand\Practicas\15_Practica\yii\framework\db\ar\CActiveRecord.php(663): CActiveRecord->getMetaData()
#2 C:\xampp\htdocs\gitPractice1\PrograWebLastStand\Practicas\15_Practica\yii\framework\db\ar\CActiveRecord.php(1358): CActiveRecord->getTableSchema()
#3 C:\xampp\htdocs\gitPractice1\PrograWebLastStand\Practicas\15_Practica\yii\framework\db\ar\CActiveRecord.php(1478): CActiveRecord->query(Object(CDbCriteria), true)
#4 C:\xampp\htdocs\gitPractice1\PrograWebLastStand\Practicas\15_Practica\yii\demos\blog\protected\models\Tag.php(75): CActiveRecord->findAll(Array)
#5 C:\xampp\htdocs\gitPractice1\PrograWebLastStand\Practicas\15_Practica\yii\demos\blog\protected\components\TagCloud.php(12): Tag->findTagWeights(20)
#6 C:\xampp\htdocs\gitPractice1\PrograWebLastStand\Practicas\15_Practica\yii\framework\zii\widgets\CPortlet.php(97): TagCloud->renderContent()
#7 C:\xampp\htdocs\gitPractice1\PrograWebLastStand\Practicas\15_Practica\yii\framework\web\CBaseController.php(182): CPortlet->run()
#8 C:\xampp\htdocs\gitPractice1\PrograWebLastStand\Practicas\15_Practica\yii\demos\blog\protected\views\layouts\column2.php(14): CBaseController->widget('TagCloud', Array)
#9 C:\xampp\htdocs\gitPractice1\PrograWebLastStand\Practicas\15_Practica\yii\framework\web\CBaseController.php(126): require('C:\\xampp\\htdocs...')
#10 C:\xampp\htdocs\gitPractice1\PrograWebLastStand\Practicas\15_Practica\yii\framework\web\CBaseController.php(95): CBaseController->renderInternal('C:\\xampp\\htdocs...', Array, true)
#11 C:\xampp\htdocs\gitPractice1\PrograWebLastStand\Practicas\15_Practica\yii\framework\web\CController.php(787): CBaseController->renderFile('C:\\xampp\\htdocs...', Array, true)
#12 C:\xampp\htdocs\gitPractice1\PrograWebLastStand\Practicas\15_Practica\yii\demos\blog\protected\controllers\StudentController.php(128): CController->render('index', Array)
#13 C:\xampp\htdocs\gitPractice1\PrograWebLastStand\Practicas\15_Practica\yii\framework\web\actions\CInlineAction.php(49): StudentController->actionIndex()
#14 C:\xampp\htdocs\gitPractice1\PrograWebLastStand\Practicas\15_Practica\yii\framework\web\CController.php(308): CInlineAction->runWithParams(Array)
#15 C:\xampp\htdocs\gitPractice1\PrograWebLastStand\Practicas\15_Practica\yii\framework\web\filters\CFilterChain.php(134): CController->runAction(Object(CInlineAction))
#16 C:\xampp\htdocs\gitPractice1\PrograWebLastStand\Practicas\15_Practica\yii\framework\web\filters\CFilter.php(40): CFilterChain->run()
#17 C:\xampp\htdocs\gitPractice1\PrograWebLastStand\Practicas\15_Practica\yii\framework\web\CController.php(1148): CFilter->filter(Object(CFilterChain))
#18 C:\xampp\htdocs\gitPractice1\PrograWebLastStand\Practicas\15_Practica\yii\framework\web\filters\CInlineFilter.php(58): CController->filterAccessControl(Object(CFilterChain))
#19 C:\xampp\htdocs\gitPractice1\PrograWebLastStand\Practicas\15_Practica\yii\framework\web\filters\CFilterChain.php(131): CInlineFilter->filter(Object(CFilterChain))
#20 C:\xampp\htdocs\gitPractice1\PrograWebLastStand\Practicas\15_Practica\yii\framework\web\CController.php(291): CFilterChain->run()
#21 C:\xampp\htdocs\gitPractice1\PrograWebLastStand\Practicas\15_Practica\yii\framework\web\CController.php(265): CController->runActionWithFilters(Object(CInlineAction), Array)
#22 C:\xampp\htdocs\gitPractice1\PrograWebLastStand\Practicas\15_Practica\yii\framework\web\CWebApplication.php(282): CController->run('')
#23 C:\xampp\htdocs\gitPractice1\PrograWebLastStand\Practicas\15_Practica\yii\framework\web\CWebApplication.php(141): CWebApplication->runController('Student')
#24 C:\xampp\htdocs\gitPractice1\PrograWebLastStand\Practicas\15_Practica\yii\framework\base\CApplication.php(185): CWebApplication->processRequest()
#25 C:\xampp\htdocs\gitPractice1\PrograWebLastStand\Practicas\15_Practica\yii\demos\blog\index.php(11): CApplication->run()
#26 {main}
REQUEST_URI=/gitPractice1/PrograWebLastStand/Practicas/15_Practica/yii/demos/blog/index.php/Student
---
2017/05/18 01:40:33 [error] [system.db.CDbCommand] CDbCommand::fetchAll() failed: SQLSTATE[42S02]: Base table or view not found: 1146 Table 'test.{{tag}}' doesn't exist. The SQL statement executed was: SHOW FULL COLUMNS FROM `{{tag}}`.
2017/05/18 01:40:33 [error] [exception.CDbException] exception 'CDbException' with message 'The table "{{tag}}" for active record class "Tag" cannot be found in the database.' in C:\xampp\htdocs\gitPractice1\PrograWebLastStand\Practicas\15_Practica\yii\framework\db\ar\CActiveRecord.php:2390
Stack trace:
#0 C:\xampp\htdocs\gitPractice1\PrograWebLastStand\Practicas\15_Practica\yii\framework\db\ar\CActiveRecord.php(413): CActiveRecordMetaData->__construct(Object(Tag))
#1 C:\xampp\htdocs\gitPractice1\PrograWebLastStand\Practicas\15_Practica\yii\framework\db\ar\CActiveRecord.php(663): CActiveRecord->getMetaData()
#2 C:\xampp\htdocs\gitPractice1\PrograWebLastStand\Practicas\15_Practica\yii\framework\db\ar\CActiveRecord.php(1358): CActiveRecord->getTableSchema()
#3 C:\xampp\htdocs\gitPractice1\PrograWebLastStand\Practicas\15_Practica\yii\framework\db\ar\CActiveRecord.php(1478): CActiveRecord->query(Object(CDbCriteria), true)
#4 C:\xampp\htdocs\gitPractice1\PrograWebLastStand\Practicas\15_Practica\yii\demos\blog\protected\models\Tag.php(75): CActiveRecord->findAll(Array)
#5 C:\xampp\htdocs\gitPractice1\PrograWebLastStand\Practicas\15_Practica\yii\demos\blog\protected\components\TagCloud.php(12): Tag->findTagWeights(20)
#6 C:\xampp\htdocs\gitPractice1\PrograWebLastStand\Practicas\15_Practica\yii\framework\zii\widgets\CPortlet.php(97): TagCloud->renderContent()
#7 C:\xampp\htdocs\gitPractice1\PrograWebLastStand\Practicas\15_Practica\yii\framework\web\CBaseController.php(182): CPortlet->run()
#8 C:\xampp\htdocs\gitPractice1\PrograWebLastStand\Practicas\15_Practica\yii\demos\blog\protected\views\layouts\column2.php(14): CBaseController->widget('TagCloud', Array)
#9 C:\xampp\htdocs\gitPractice1\PrograWebLastStand\Practicas\15_Practica\yii\framework\web\CBaseController.php(126): require('C:\\xampp\\htdocs...')
#10 C:\xampp\htdocs\gitPractice1\PrograWebLastStand\Practicas\15_Practica\yii\framework\web\CBaseController.php(95): CBaseController->renderInternal('C:\\xampp\\htdocs...', Array, true)
#11 C:\xampp\htdocs\gitPractice1\PrograWebLastStand\Practicas\15_Practica\yii\framework\web\CController.php(787): CBaseController->renderFile('C:\\xampp\\htdocs...', Array, true)
#12 C:\xampp\htdocs\gitPractice1\PrograWebLastStand\Practicas\15_Practica\yii\demos\blog\protected\controllers\StudentController.php(128): CController->render('index', Array)
#13 C:\xampp\htdocs\gitPractice1\PrograWebLastStand\Practicas\15_Practica\yii\framework\web\actions\CInlineAction.php(49): StudentController->actionIndex()
#14 C:\xampp\htdocs\gitPractice1\PrograWebLastStand\Practicas\15_Practica\yii\framework\web\CController.php(308): CInlineAction->runWithParams(Array)
#15 C:\xampp\htdocs\gitPractice1\PrograWebLastStand\Practicas\15_Practica\yii\framework\web\filters\CFilterChain.php(134): CController->runAction(Object(CInlineAction))
#16 C:\xampp\htdocs\gitPractice1\PrograWebLastStand\Practicas\15_Practica\yii\framework\web\filters\CFilter.php(40): CFilterChain->run()
#17 C:\xampp\htdocs\gitPractice1\PrograWebLastStand\Practicas\15_Practica\yii\framework\web\CController.php(1148): CFilter->filter(Object(CFilterChain))
#18 C:\xampp\htdocs\gitPractice1\PrograWebLastStand\Practicas\15_Practica\yii\framework\web\filters\CInlineFilter.php(58): CController->filterAccessControl(Object(CFilterChain))
#19 C:\xampp\htdocs\gitPractice1\PrograWebLastStand\Practicas\15_Practica\yii\framework\web\filters\CFilterChain.php(131): CInlineFilter->filter(Object(CFilterChain))
#20 C:\xampp\htdocs\gitPractice1\PrograWebLastStand\Practicas\15_Practica\yii\framework\web\CController.php(291): CFilterChain->run()
#21 C:\xampp\htdocs\gitPractice1\PrograWebLastStand\Practicas\15_Practica\yii\framework\web\CController.php(265): CController->runActionWithFilters(Object(CInlineAction), Array)
#22 C:\xampp\htdocs\gitPractice1\PrograWebLastStand\Practicas\15_Practica\yii\framework\web\CWebApplication.php(282): CController->run('')
#23 C:\xampp\htdocs\gitPractice1\PrograWebLastStand\Practicas\15_Practica\yii\framework\web\CWebApplication.php(141): CWebApplication->runController('Student')
#24 C:\xampp\htdocs\gitPractice1\PrograWebLastStand\Practicas\15_Practica\yii\framework\base\CApplication.php(185): CWebApplication->processRequest()
#25 C:\xampp\htdocs\gitPractice1\PrograWebLastStand\Practicas\15_Practica\yii\demos\blog\index.php(11): CApplication->run()
#26 {main}
REQUEST_URI=/gitPractice1/PrograWebLastStand/Practicas/15_Practica/yii/demos/blog/index.php/Student
---
2017/05/18 01:43:39 [error] [system.db.CDbCommand] CDbCommand::fetchAll() failed: SQLSTATE[42S02]: Base table or view not found: 1146 Table 'test.{{tag}}' doesn't exist. The SQL statement executed was: SHOW FULL COLUMNS FROM `{{tag}}`.
2017/05/18 01:43:39 [error] [exception.CDbException] exception 'CDbException' with message 'The table "{{tag}}" for active record class "Tag" cannot be found in the database.' in C:\xampp\htdocs\gitPractice1\PrograWebLastStand\Practicas\15_Practica\yii\framework\db\ar\CActiveRecord.php:2390
Stack trace:
#0 C:\xampp\htdocs\gitPractice1\PrograWebLastStand\Practicas\15_Practica\yii\framework\db\ar\CActiveRecord.php(413): CActiveRecordMetaData->__construct(Object(Tag))
#1 C:\xampp\htdocs\gitPractice1\PrograWebLastStand\Practicas\15_Practica\yii\framework\db\ar\CActiveRecord.php(663): CActiveRecord->getMetaData()
#2 C:\xampp\htdocs\gitPractice1\PrograWebLastStand\Practicas\15_Practica\yii\framework\db\ar\CActiveRecord.php(1358): CActiveRecord->getTableSchema()
#3 C:\xampp\htdocs\gitPractice1\PrograWebLastStand\Practicas\15_Practica\yii\framework\db\ar\CActiveRecord.php(1478): CActiveRecord->query(Object(CDbCriteria), true)
#4 C:\xampp\htdocs\gitPractice1\PrograWebLastStand\Practicas\15_Practica\yii\demos\blog\protected\models\Tag.php(75): CActiveRecord->findAll(Array)
#5 C:\xampp\htdocs\gitPractice1\PrograWebLastStand\Practicas\15_Practica\yii\demos\blog\protected\components\TagCloud.php(12): Tag->findTagWeights(20)
#6 C:\xampp\htdocs\gitPractice1\PrograWebLastStand\Practicas\15_Practica\yii\framework\zii\widgets\CPortlet.php(97): TagCloud->renderContent()
#7 C:\xampp\htdocs\gitPractice1\PrograWebLastStand\Practicas\15_Practica\yii\framework\web\CBaseController.php(182): CPortlet->run()
#8 C:\xampp\htdocs\gitPractice1\PrograWebLastStand\Practicas\15_Practica\yii\demos\blog\protected\views\layouts\column2.php(14): CBaseController->widget('TagCloud', Array)
#9 C:\xampp\htdocs\gitPractice1\PrograWebLastStand\Practicas\15_Practica\yii\framework\web\CBaseController.php(126): require('C:\\xampp\\htdocs...')
#10 C:\xampp\htdocs\gitPractice1\PrograWebLastStand\Practicas\15_Practica\yii\framework\web\CBaseController.php(95): CBaseController->renderInternal('C:\\xampp\\htdocs...', Array, true)
#11 C:\xampp\htdocs\gitPractice1\PrograWebLastStand\Practicas\15_Practica\yii\framework\web\CController.php(787): CBaseController->renderFile('C:\\xampp\\htdocs...', Array, true)
#12 C:\xampp\htdocs\gitPractice1\PrograWebLastStand\Practicas\15_Practica\yii\demos\blog\protected\controllers\StudentController.php(128): CController->render('index', Array)
#13 C:\xampp\htdocs\gitPractice1\PrograWebLastStand\Practicas\15_Practica\yii\framework\web\actions\CInlineAction.php(49): StudentController->actionIndex()
#14 C:\xampp\htdocs\gitPractice1\PrograWebLastStand\Practicas\15_Practica\yii\framework\web\CController.php(308): CInlineAction->runWithParams(Array)
#15 C:\xampp\htdocs\gitPractice1\PrograWebLastStand\Practicas\15_Practica\yii\framework\web\filters\CFilterChain.php(134): CController->runAction(Object(CInlineAction))
#16 C:\xampp\htdocs\gitPractice1\PrograWebLastStand\Practicas\15_Practica\yii\framework\web\filters\CFilter.php(40): CFilterChain->run()
#17 C:\xampp\htdocs\gitPractice1\PrograWebLastStand\Practicas\15_Practica\yii\framework\web\CController.php(1148): CFilter->filter(Object(CFilterChain))
#18 C:\xampp\htdocs\gitPractice1\PrograWebLastStand\Practicas\15_Practica\yii\framework\web\filters\CInlineFilter.php(58): CController->filterAccessControl(Object(CFilterChain))
#19 C:\xampp\htdocs\gitPractice1\PrograWebLastStand\Practicas\15_Practica\yii\framework\web\filters\CFilterChain.php(131): CInlineFilter->filter(Object(CFilterChain))
#20 C:\xampp\htdocs\gitPractice1\PrograWebLastStand\Practicas\15_Practica\yii\framework\web\CController.php(291): CFilterChain->run()
#21 C:\xampp\htdocs\gitPractice1\PrograWebLastStand\Practicas\15_Practica\yii\framework\web\CController.php(265): CController->runActionWithFilters(Object(CInlineAction), Array)
#22 C:\xampp\htdocs\gitPractice1\PrograWebLastStand\Practicas\15_Practica\yii\framework\web\CWebApplication.php(282): CController->run('')
#23 C:\xampp\htdocs\gitPractice1\PrograWebLastStand\Practicas\15_Practica\yii\framework\web\CWebApplication.php(141): CWebApplication->runController('Student')
#24 C:\xampp\htdocs\gitPractice1\PrograWebLastStand\Practicas\15_Practica\yii\framework\base\CApplication.php(185): CWebApplication->processRequest()
#25 C:\xampp\htdocs\gitPractice1\PrograWebLastStand\Practicas\15_Practica\yii\demos\blog\index.php(11): CApplication->run()
#26 {main}
REQUEST_URI=/gitPractice1/PrograWebLastStand/Practicas/15_Practica/yii/demos/blog/index.php/Student
---
2017/05/18 01:43:45 [error] [system.db.CDbCommand] CDbCommand::fetchAll() failed: SQLSTATE[42S02]: Base table or view not found: 1146 Table 'test.{{tag}}' doesn't exist. The SQL statement executed was: SHOW FULL COLUMNS FROM `{{tag}}`.
2017/05/18 01:43:45 [error] [exception.CDbException] exception 'CDbException' with message 'The table "{{tag}}" for active record class "Tag" cannot be found in the database.' in C:\xampp\htdocs\gitPractice1\PrograWebLastStand\Practicas\15_Practica\yii\framework\db\ar\CActiveRecord.php:2390
Stack trace:
#0 C:\xampp\htdocs\gitPractice1\PrograWebLastStand\Practicas\15_Practica\yii\framework\db\ar\CActiveRecord.php(413): CActiveRecordMetaData->__construct(Object(Tag))
#1 C:\xampp\htdocs\gitPractice1\PrograWebLastStand\Practicas\15_Practica\yii\framework\db\ar\CActiveRecord.php(663): CActiveRecord->getMetaData()
#2 C:\xampp\htdocs\gitPractice1\PrograWebLastStand\Practicas\15_Practica\yii\framework\db\ar\CActiveRecord.php(1358): CActiveRecord->getTableSchema()
#3 C:\xampp\htdocs\gitPractice1\PrograWebLastStand\Practicas\15_Practica\yii\framework\db\ar\CActiveRecord.php(1478): CActiveRecord->query(Object(CDbCriteria), true)
#4 C:\xampp\htdocs\gitPractice1\PrograWebLastStand\Practicas\15_Practica\yii\demos\blog\protected\models\Tag.php(75): CActiveRecord->findAll(Array)
#5 C:\xampp\htdocs\gitPractice1\PrograWebLastStand\Practicas\15_Practica\yii\demos\blog\protected\components\TagCloud.php(12): Tag->findTagWeights(20)
#6 C:\xampp\htdocs\gitPractice1\PrograWebLastStand\Practicas\15_Practica\yii\framework\zii\widgets\CPortlet.php(97): TagCloud->renderContent()
#7 C:\xampp\htdocs\gitPractice1\PrograWebLastStand\Practicas\15_Practica\yii\framework\web\CBaseController.php(182): CPortlet->run()
#8 C:\xampp\htdocs\gitPractice1\PrograWebLastStand\Practicas\15_Practica\yii\demos\blog\protected\views\layouts\column2.php(14): CBaseController->widget('TagCloud', Array)
#9 C:\xampp\htdocs\gitPractice1\PrograWebLastStand\Practicas\15_Practica\yii\framework\web\CBaseController.php(126): require('C:\\xampp\\htdocs...')
#10 C:\xampp\htdocs\gitPractice1\PrograWebLastStand\Practicas\15_Practica\yii\framework\web\CBaseController.php(95): CBaseController->renderInternal('C:\\xampp\\htdocs...', Array, true)
#11 C:\xampp\htdocs\gitPractice1\PrograWebLastStand\Practicas\15_Practica\yii\framework\web\CController.php(787): CBaseController->renderFile('C:\\xampp\\htdocs...', Array, true)
#12 C:\xampp\htdocs\gitPractice1\PrograWebLastStand\Practicas\15_Practica\yii\demos\blog\protected\controllers\StudentController.php(128): CController->render('index', Array)
#13 C:\xampp\htdocs\gitPractice1\PrograWebLastStand\Practicas\15_Practica\yii\framework\web\actions\CInlineAction.php(49): StudentController->actionIndex()
#14 C:\xampp\htdocs\gitPractice1\PrograWebLastStand\Practicas\15_Practica\yii\framework\web\CController.php(308): CInlineAction->runWithParams(Array)
#15 C:\xampp\htdocs\gitPractice1\PrograWebLastStand\Practicas\15_Practica\yii\framework\web\filters\CFilterChain.php(134): CController->runAction(Object(CInlineAction))
#16 C:\xampp\htdocs\gitPractice1\PrograWebLastStand\Practicas\15_Practica\yii\framework\web\filters\CFilter.php(40): CFilterChain->run()
#17 C:\xampp\htdocs\gitPractice1\PrograWebLastStand\Practicas\15_Practica\yii\framework\web\CController.php(1148): CFilter->filter(Object(CFilterChain))
#18 C:\xampp\htdocs\gitPractice1\PrograWebLastStand\Practicas\15_Practica\yii\framework\web\filters\CInlineFilter.php(58): CController->filterAccessControl(Object(CFilterChain))
#19 C:\xampp\htdocs\gitPractice1\PrograWebLastStand\Practicas\15_Practica\yii\framework\web\filters\CFilterChain.php(131): CInlineFilter->filter(Object(CFilterChain))
#20 C:\xampp\htdocs\gitPractice1\PrograWebLastStand\Practicas\15_Practica\yii\framework\web\CController.php(291): CFilterChain->run()
#21 C:\xampp\htdocs\gitPractice1\PrograWebLastStand\Practicas\15_Practica\yii\framework\web\CController.php(265): CController->runActionWithFilters(Object(CInlineAction), Array)
#22 C:\xampp\htdocs\gitPractice1\PrograWebLastStand\Practicas\15_Practica\yii\framework\web\CWebApplication.php(282): CController->run('')
#23 C:\xampp\htdocs\gitPractice1\PrograWebLastStand\Practicas\15_Practica\yii\framework\web\CWebApplication.php(141): CWebApplication->runController('')
#24 C:\xampp\htdocs\gitPractice1\PrograWebLastStand\Practicas\15_Practica\yii\framework\base\CApplication.php(185): CWebApplication->processRequest()
#25 C:\xampp\htdocs\gitPractice1\PrograWebLastStand\Practicas\15_Practica\yii\demos\blog\index.php(11): CApplication->run()
#26 {main}
REQUEST_URI=/gitPractice1/PrograWebLastStand/Practicas/15_Practica/yii/demos/blog/index.php
HTTP_REFERER=http://localhost/gitPractice1/PrograWebLastStand/Practicas/15_Practica/yii/demos/blog/index.php/Student
---
2017/05/18 01:43:57 [error] [exception.CDbException] exception 'CDbException' with message 'The table "student" for active record class "Student" cannot be found in the database.' in C:\xampp\htdocs\gitPractice1\PrograWebLastStand\Practicas\15_Practica\yii\framework\db\ar\CActiveRecord.php:2390
Stack trace:
#0 C:\xampp\htdocs\gitPractice1\PrograWebLastStand\Practicas\15_Practica\yii\framework\db\ar\CActiveRecord.php(413): CActiveRecordMetaData->__construct(Object(Student))
#1 C:\xampp\htdocs\gitPractice1\PrograWebLastStand\Practicas\15_Practica\yii\framework\db\ar\CActiveRecord.php(663): CActiveRecord->getMetaData()
#2 C:\xampp\htdocs\gitPractice1\PrograWebLastStand\Practicas\15_Practica\yii\framework\db\ar\CActiveRecord.php(1609): CActiveRecord->getTableSchema()
#3 C:\xampp\htdocs\gitPractice1\PrograWebLastStand\Practicas\15_Practica\yii\framework\web\CActiveDataProvider.php(228): CActiveRecord->count(Object(CDbCriteria))
#4 C:\xampp\htdocs\gitPractice1\PrograWebLastStand\Practicas\15_Practica\yii\framework\web\CDataProvider.php(224): CActiveDataProvider->calculateTotalItemCount()
#5 C:\xampp\htdocs\gitPractice1\PrograWebLastStand\Practicas\15_Practica\yii\framework\web\CActiveDataProvider.php(178): CDataProvider->getTotalItemCount()
#6 C:\xampp\htdocs\gitPractice1\PrograWebLastStand\Practicas\15_Practica\yii\framework\web\CDataProvider.php(168): CActiveDataProvider->fetchData()
#7 C:\xampp\htdocs\gitPractice1\PrograWebLastStand\Practicas\15_Practica\yii\framework\zii\widgets\CBaseListView.php(125): CDataProvider->getData()
#8 C:\xampp\htdocs\gitPractice1\PrograWebLastStand\Practicas\15_Practica\yii\framework\zii\widgets\CListView.php(211): CBaseListView->init()
#9 C:\xampp\htdocs\gitPractice1\PrograWebLastStand\Practicas\15_Practica\yii\framework\web\CBaseController.php(147): CListView->init()
#10 C:\xampp\htdocs\gitPractice1\PrograWebLastStand\Practicas\15_Practica\yii\framework\web\CBaseController.php(181): CBaseController->createWidget('zii.widgets.CLi...', Array)
#11 C:\xampp\htdocs\gitPractice1\PrograWebLastStand\Practicas\15_Practica\yii\demos\blog\protected\views\student\index.php(20): CBaseController->widget('zii.widgets.CLi...', Array)
#12 C:\xampp\htdocs\gitPractice1\PrograWebLastStand\Practicas\15_Practica\yii\framework\web\CBaseController.php(126): require('C:\\xampp\\htdocs...')
#13 C:\xampp\htdocs\gitPractice1\PrograWebLastStand\Practicas\15_Practica\yii\framework\web\CBaseController.php(95): CBaseController->renderInternal('C:\\xampp\\htdocs...', Array, true)
#14 C:\xampp\htdocs\gitPractice1\PrograWebLastStand\Practicas\15_Practica\yii\framework\web\CController.php(872): CBaseController->renderFile('C:\\xampp\\htdocs...', Array, true)
#15 C:\xampp\htdocs\gitPractice1\PrograWebLastStand\Practicas\15_Practica\yii\framework\web\CController.php(785): CController->renderPartial('index', Array, true)
#16 C:\xampp\htdocs\gitPractice1\PrograWebLastStand\Practicas\15_Practica\yii\demos\blog\protected\controllers\StudentController.php(128): CController->render('index', Array)
#17 C:\xampp\htdocs\gitPractice1\PrograWebLastStand\Practicas\15_Practica\yii\framework\web\actions\CInlineAction.php(49): StudentController->actionIndex()
#18 C:\xampp\htdocs\gitPractice1\PrograWebLastStand\Practicas\15_Practica\yii\framework\web\CController.php(308): CInlineAction->runWithParams(Array)
#19 C:\xampp\htdocs\gitPractice1\PrograWebLastStand\Practicas\15_Practica\yii\framework\web\filters\CFilterChain.php(134): CController->runAction(Object(CInlineAction))
#20 C:\xampp\htdocs\gitPractice1\PrograWebLastStand\Practicas\15_Practica\yii\framework\web\filters\CFilter.php(40): CFilterChain->run()
#21 C:\xampp\htdocs\gitPractice1\PrograWebLastStand\Practicas\15_Practica\yii\framework\web\CController.php(1148): CFilter->filter(Object(CFilterChain))
#22 C:\xampp\htdocs\gitPractice1\PrograWebLastStand\Practicas\15_Practica\yii\framework\web\filters\CInlineFilter.php(58): CController->filterAccessControl(Object(CFilterChain))
#23 C:\xampp\htdocs\gitPractice1\PrograWebLastStand\Practicas\15_Practica\yii\framework\web\filters\CFilterChain.php(131): CInlineFilter->filter(Object(CFilterChain))
#24 C:\xampp\htdocs\gitPractice1\PrograWebLastStand\Practicas\15_Practica\yii\framework\web\CController.php(291): CFilterChain->run()
#25 C:\xampp\htdocs\gitPractice1\PrograWebLastStand\Practicas\15_Practica\yii\framework\web\CController.php(265): CController->runActionWithFilters(Object(CInlineAction), Array)
#26 C:\xampp\htdocs\gitPractice1\PrograWebLastStand\Practicas\15_Practica\yii\framework\web\CWebApplication.php(282): CController->run('')
#27 C:\xampp\htdocs\gitPractice1\PrograWebLastStand\Practicas\15_Practica\yii\framework\web\CWebApplication.php(141): CWebApplication->runController('')
#28 C:\xampp\htdocs\gitPractice1\PrograWebLastStand\Practicas\15_Practica\yii\framework\base\CApplication.php(185): CWebApplication->processRequest()
#29 C:\xampp\htdocs\gitPractice1\PrograWebLastStand\Practicas\15_Practica\yii\demos\blog\index-test.php(15): CApplication->run()
#30 {main}
REQUEST_URI=/gitPractice1/PrograWebLastStand/Practicas/15_Practica/yii/demos/blog/index-test.php
---
